Watching for file changes with StatReloader
/usr/local/python3/lib/python3.8/site-packages/rest_framework/pagination.py:200: UnorderedObjectListWarning: Pagination may yield inconsistent results with an unordered object_list: <class 'news.models.News'> QuerySet.
  paginator = self.django_paginator_class(queryset, page_size)
[24/May/2020 15:17:34] "GET /api/news/?page=5&size=1 HTTP/1.1" 200 19959
[24/May/2020 15:27:40] "GET /api/news/?page=1 HTTP/1.1" 200 113739
[24/May/2020 15:35:10] "GET /api/news/?page=1 HTTP/1.1" 200 113739
[24/May/2020 15:40:05] "GET /api/news/?page=1 HTTP/1.1" 200 113739
[24/May/2020 15:40:36] "GET /api/news/?page=1 HTTP/1.1" 200 113739
[24/May/2020 15:42:28] "GET /api/news/?page=1 HTTP/1.1" 200 113739
[24/May/2020 15:42:31] "GET /api/news/?page=1 HTTP/1.1" 200 113739
[24/May/2020 15:46:28] "GET /api/news/?page=1 HTTP/1.1" 200 113739
[24/May/2020 15:46:32] "GET /api/news/?page=1 HTTP/1.1" 200 113739
[24/May/2020 15:46:45] "GET /api/news/?page=1 HTTP/1.1" 200 113739
[24/May/2020 15:47:56] "GET /api/news/?page=1 HTTP/1.1" 200 113739
[24/May/2020 15:47:58] "GET /api/news/?page=1 HTTP/1.1" 200 113739
[24/May/2020 15:48:01] "GET /api/news/?page=2 HTTP/1.1" 200 77625
[24/May/2020 15:48:02] "GET /api/news/?page=4 HTTP/1.1" 200 20936
[24/May/2020 15:48:02] "GET /api/news/?page=6 HTTP/1.1" 200 28307
[24/May/2020 15:48:02] "GET /api/news/?page=3 HTTP/1.1" 200 21635
[24/May/2020 15:48:02] "GET /api/news/?page=7 HTTP/1.1" 200 23854
Not Found: /api/news/
[24/May/2020 15:48:02] "GET /api/news/?page=8 HTTP/1.1" 404 26
[24/May/2020 15:48:02] "GET /api/news/?page=5 HTTP/1.1" 200 31879
Not Found: /api/news/
[24/May/2020 15:48:02] "GET /api/news/?page=9 HTTP/1.1" 404 26
Not Found: /api/news/
[24/May/2020 15:48:02] "GET /api/news/?page=11 HTTP/1.1" 404 26
Not Found: /api/news/
[24/May/2020 15:48:02] "GET /api/news/?page=13 HTTP/1.1" 404 26
Not Found: /api/news/
[24/May/2020 15:48:02] "GET /api/news/?page=14 HTTP/1.1" 404 26
Not Found: /api/news/
[24/May/2020 15:48:02] "GET /api/news/?page=10 HTTP/1.1" 404 26
Not Found: /api/news/
[24/May/2020 15:48:02] "GET /api/news/?page=15 HTTP/1.1" 404 26
Not Found: /api/news/
[24/May/2020 15:48:02] "GET /api/news/?page=12 HTTP/1.1" 404 26
Not Found: /api/news/
[24/May/2020 15:48:02] "GET /api/news/?page=16 HTTP/1.1" 404 26
Not Found: /api/news/
[24/May/2020 15:48:02] "GET /api/news/?page=17 HTTP/1.1" 404 26
Not Found: /api/news/
[24/May/2020 15:48:02] "GET /api/news/?page=18 HTTP/1.1" 404 26
Not Found: /api/news/
[24/May/2020 15:48:02] "GET /api/news/?page=23 HTTP/1.1" 404 26
Not Found: /api/news/
[24/May/2020 15:48:02] "GET /api/news/?page=21 HTTP/1.1" 404 26
Not Found: /api/news/
[24/May/2020 15:48:02] "GET /api/news/?page=24 HTTP/1.1" 404 26
Not Found: /api/news/
[24/May/2020 15:48:02] "GET /api/news/?page=25 HTTP/1.1" 404 26
Not Found: /api/news/
[24/May/2020 15:48:02] "GET /api/news/?page=26 HTTP/1.1" 404 26
Not Found: /api/news/
[24/May/2020 15:48:02] "GET /api/news/?page=38 HTTP/1.1" 404 26
Not Found: /api/news/
[24/May/2020 15:48:02] "GET /api/news/?page=29 HTTP/1.1" 404 26
Not Found: /api/news/
[24/May/2020 15:48:02] "GET /api/news/?page=27 HTTP/1.1" 404 26
Not Found: /api/news/
[24/May/2020 15:48:02] "GET /api/news/?page=30 HTTP/1.1" 404 26
Not Found: /api/news/
Not Found: /api/news/
[24/May/2020 15:48:02] "GET /api/news/?page=28 HTTP/1.1" 404 26
[24/May/2020 15:48:02] "GET /api/news/?page=32 HTTP/1.1" 404 26
Not Found: /api/news/
[24/May/2020 15:48:02] "GET /api/news/?page=43 HTTP/1.1" 404 26
Not Found: /api/news/
[24/May/2020 15:48:02] "GET /api/news/?page=34 HTTP/1.1" 404 26
Not Found: /api/news/
Not Found: /api/news/
[24/May/2020 15:48:02] "GET /api/news/?page=45 HTTP/1.1" 404 26
Not Found: /api/news/
[24/May/2020 15:48:02] "GET /api/news/?page=42 HTTP/1.1" 404 26
Not Found: /api/news/
[24/May/2020 15:48:02] "GET /api/news/?page=35 HTTP/1.1" 404 26
Not Found: /api/news/
Not Found: /api/news/
[24/May/2020 15:48:02] "GET /api/news/?page=44 HTTP/1.1" 404 26
[24/May/2020 15:48:02] "GET /api/news/?page=31 HTTP/1.1" 404 26
[24/May/2020 15:48:02] "GET /api/news/?page=46 HTTP/1.1" 404 26
Not Found: /api/news/
[24/May/2020 15:48:02] "GET /api/news/?page=36 HTTP/1.1" 404 26
Not Found: /api/news/
[24/May/2020 15:48:02] "GET /api/news/?page=39 HTTP/1.1" 404 26
Not Found: /api/news/
Not Found: /api/news/
[24/May/2020 15:48:02] "GET /api/news/?page=50 HTTP/1.1" 404 26
[24/May/2020 15:48:02] "GET /api/news/?page=41 HTTP/1.1" 404 26
Not Found: /api/news/
[24/May/2020 15:48:02] "GET /api/news/?page=51 HTTP/1.1" 404 26
Not Found: /api/news/
[24/May/2020 15:48:02] "GET /api/news/?page=40 HTTP/1.1" 404 26
Not Found: /api/news/
[24/May/2020 15:48:02] "GET /api/news/?page=52 HTTP/1.1" 404 26
Not Found: /api/news/
[24/May/2020 15:48:02] "GET /api/news/?page=55 HTTP/1.1" 404 26
Not Found: /api/news/
[24/May/2020 15:48:02] "GET /api/news/?page=56 HTTP/1.1" 404 26
Not Found: /api/news/
[24/May/2020 15:48:02] "GET /api/news/?page=47 HTTP/1.1" 404 26
Not Found: /api/news/
[24/May/2020 15:48:02] "GET /api/news/?page=57 HTTP/1.1" 404 26
Not Found: /api/news/
[24/May/2020 15:48:02] "GET /api/news/?page=53 HTTP/1.1" 404 26
Not Found: /api/news/
[24/May/2020 15:48:03] "GET /api/news/?page=59 HTTP/1.1" 404 26
Not Found: /api/news/
[24/May/2020 15:48:03] "GET /api/news/?page=58 HTTP/1.1" 404 26
Not Found: /api/news/
[24/May/2020 15:48:03] "GET /api/news/?page=60 HTTP/1.1" 404 26
Not Found: /api/news/
[24/May/2020 15:48:03] "GET /api/news/?page=62 HTTP/1.1" 404 26
Not Found: /api/news/
[24/May/2020 15:48:03] "GET /api/news/?page=63 HTTP/1.1" 404 26
Not Found: /api/news/
[24/May/2020 15:48:03] "GET /api/news/?page=64 HTTP/1.1" 404 26
Not Found: /api/news/
[24/May/2020 15:48:03] "GET /api/news/?page=65 HTTP/1.1" 404 26
Not Found: /api/news/
[24/May/2020 15:48:03] "GET /api/news/?page=66 HTTP/1.1" 404 26
Not Found: /api/news/
[24/May/2020 15:48:03] "GET /api/news/?page=67 HTTP/1.1" 404 26
Not Found: /api/news/
[24/May/2020 15:48:03] "GET /api/news/?page=69 HTTP/1.1" 404 26
Not Found: /api/news/
[24/May/2020 15:48:03] "GET /api/news/?page=68 HTTP/1.1" 404 26
Not Found: /api/news/
Not Found: /api/news/
[24/May/2020 15:48:03] "GET /api/news/?page=71 HTTP/1.1" 404 26
[24/May/2020 15:48:03] "GET /api/news/?page=70 HTTP/1.1" 404 26
Not Found: /api/news/
[24/May/2020 15:48:03] "GET /api/news/?page=72 HTTP/1.1" 404 26
Not Found: /api/news/
[24/May/2020 15:48:03] "GET /api/news/?page=73 HTTP/1.1" 404 26
Not Found: /api/news/
[24/May/2020 15:48:03] "GET /api/news/?page=75 HTTP/1.1" 404 26
Not Found: /api/news/
[24/May/2020 15:48:03] "GET /api/news/?page=74 HTTP/1.1" 404 26
Not Found: /api/news/
[24/May/2020 15:48:03] "GET /api/news/?page=76 HTTP/1.1" 404 26
Not Found: /api/news/
[24/May/2020 15:48:03] "GET /api/news/?page=77 HTTP/1.1" 404 26
Not Found: /api/news/
[24/May/2020 15:48:03] "GET /api/news/?page=78 HTTP/1.1" 404 26
Not Found: /api/news/
[24/May/2020 15:48:03] "GET /api/news/?page=19 HTTP/1.1" 404 26
Not Found: /api/news/
[24/May/2020 15:48:03] "GET /api/news/?page=22 HTTP/1.1" 404 26
Not Found: /api/news/
[24/May/2020 15:48:03] "GET /api/news/?page=20 HTTP/1.1" 404 26
Not Found: /api/news/
[24/May/2020 15:48:03] "GET /api/news/?page=33 HTTP/1.1" 404 26
Not Found: /api/news/
[24/May/2020 15:48:03] "GET /api/news/?page=37 HTTP/1.1" 404 26
Not Found: /api/news/
[24/May/2020 15:48:03] "GET /api/news/?page=49 HTTP/1.1" 404 26
Not Found: /api/news/
[24/May/2020 15:48:03] "GET /api/news/?page=48 HTTP/1.1" 404 26
Not Found: /api/news/
[24/May/2020 15:48:04] "GET /api/news/?page=54 HTTP/1.1" 404 26
Not Found: /api/news/
[24/May/2020 15:48:04] "GET /api/news/?page=79 HTTP/1.1" 404 26
Not Found: /api/news/
[24/May/2020 15:48:04] "GET /api/news/?page=80 HTTP/1.1" 404 26
Not Found: /api/news/
[24/May/2020 15:48:04] "GET /api/news/?page=82 HTTP/1.1" 404 26
Not Found: /api/news/
Not Found: /api/news/
[24/May/2020 15:48:04] "GET /api/news/?page=83 HTTP/1.1" 404 26
[24/May/2020 15:48:04] "GET /api/news/?page=81 HTTP/1.1" 404 26
Not Found: /api/news/
[24/May/2020 15:48:04] "GET /api/news/?page=84 HTTP/1.1" 404 26
Not Found: /api/news/
[24/May/2020 15:48:05] "GET /api/news/?page=86 HTTP/1.1" 404 26
Not Found: /api/news/
[24/May/2020 15:48:05] "GET /api/news/?page=85 HTTP/1.1" 404 26
Not Found: /api/news/
[24/May/2020 15:48:05] "GET /api/news/?page=87 HTTP/1.1" 404 26
Not Found: /api/news/
Not Found: /api/news/
[24/May/2020 15:48:05] "GET /api/news/?page=89 HTTP/1.1" 404 26
[24/May/2020 15:48:05] "GET /api/news/?page=88 HTTP/1.1" 404 26
Not Found: /api/news/
[24/May/2020 15:48:05] "GET /api/news/?page=90 HTTP/1.1" 404 26
Not Found: /api/news/
Not Found: /api/news/
[24/May/2020 15:48:05] "GET /api/news/?page=93 HTTP/1.1" 404 26
[24/May/2020 15:48:05] "GET /api/news/?page=91 HTTP/1.1" 404 26
Not Found: /api/news/
Not Found: /api/news/
[24/May/2020 15:48:05] "GET /api/news/?page=94 HTTP/1.1" 404 26
[24/May/2020 15:48:05] "GET /api/news/?page=92 HTTP/1.1" 404 26
Not Found: /api/news/
[24/May/2020 15:48:05] "GET /api/news/?page=95 HTTP/1.1" 404 26
Not Found: /api/news/
[24/May/2020 15:48:05] "GET /api/news/?page=97 HTTP/1.1" 404 26
Not Found: /api/news/
[24/May/2020 15:48:05] "GET /api/news/?page=96 HTTP/1.1" 404 26
Not Found: /api/news/
[24/May/2020 15:48:05] "GET /api/news/?page=98 HTTP/1.1" 404 26
Not Found: /api/news/
[24/May/2020 15:48:05] "GET /api/news/?page=99 HTTP/1.1" 404 26
Not Found: /api/news/
[24/May/2020 15:48:05] "GET /api/news/?page=101 HTTP/1.1" 404 26
Not Found: /api/news/
[24/May/2020 15:48:05] "GET /api/news/?page=100 HTTP/1.1" 404 26
Not Found: /api/news/
[24/May/2020 15:48:05] "GET /api/news/?page=102 HTTP/1.1" 404 26
Not Found: /api/news/
[24/May/2020 15:48:05] "GET /api/news/?page=103 HTTP/1.1" 404 26
Not Found: /api/news/
[24/May/2020 15:48:05] "GET /api/news/?page=104 HTTP/1.1" 404 26
Not Found: /api/news/
[24/May/2020 15:48:05] "GET /api/news/?page=105 HTTP/1.1" 404 26
Not Found: /api/news/
[24/May/2020 15:48:05] "GET /api/news/?page=106 HTTP/1.1" 404 26
Not Found: /api/news/
[24/May/2020 15:48:05] "GET /api/news/?page=107 HTTP/1.1" 404 26
Not Found: /api/news/
[24/May/2020 15:48:05] "GET /api/news/?page=108 HTTP/1.1" 404 26
Not Found: /api/news/
[24/May/2020 15:48:05] "GET /api/news/?page=110 HTTP/1.1" 404 26
Not Found: /api/news/
[24/May/2020 15:48:05] "GET /api/news/?page=109 HTTP/1.1" 404 26
Not Found: /api/news/
[24/May/2020 15:48:05] "GET /api/news/?page=112 HTTP/1.1" 404 26
Not Found: /api/news/
[24/May/2020 15:48:05] "GET /api/news/?page=111 HTTP/1.1" 404 26
Not Found: /api/news/
[24/May/2020 15:48:05] "GET /api/news/?page=114 HTTP/1.1" 404 26
Not Found: /api/news/
[24/May/2020 15:48:05] "GET /api/news/?page=113 HTTP/1.1" 404 26
Not Found: /api/news/
[24/May/2020 15:48:05] "GET /api/news/?page=115 HTTP/1.1" 404 26
Not Found: /api/news/
[24/May/2020 15:48:05] "GET /api/news/?page=116 HTTP/1.1" 404 26
Not Found: /api/news/
[24/May/2020 15:48:05] "GET /api/news/?page=118 HTTP/1.1" 404 26
Not Found: /api/news/
[24/May/2020 15:48:05] "GET /api/news/?page=117 HTTP/1.1" 404 26
Not Found: /api/news/
[24/May/2020 15:48:05] "GET /api/news/?page=119 HTTP/1.1" 404 26
Not Found: /api/news/
[24/May/2020 15:48:05] "GET /api/news/?page=120 HTTP/1.1" 404 26
Not Found: /api/news/
[24/May/2020 15:48:05] "GET /api/news/?page=121 HTTP/1.1" 404 26
Not Found: /api/news/
[24/May/2020 15:48:05] "GET /api/news/?page=122 HTTP/1.1" 404 26
Not Found: /api/news/
[24/May/2020 15:48:05] "GET /api/news/?page=123 HTTP/1.1" 404 26
Not Found: /api/news/
[24/May/2020 15:48:05] "GET /api/news/?page=125 HTTP/1.1" 404 26
Not Found: /api/news/
Not Found: /api/news/
[24/May/2020 15:48:05] "GET /api/news/?page=124 HTTP/1.1" 404 26
[24/May/2020 15:48:05] "GET /api/news/?page=126 HTTP/1.1" 404 26
Not Found: /api/news/
[24/May/2020 15:48:05] "GET /api/news/?page=128 HTTP/1.1" 404 26
Not Found: /api/news/
[24/May/2020 15:48:05] "GET /api/news/?page=127 HTTP/1.1" 404 26
Not Found: /api/news/
[24/May/2020 15:48:05] "GET /api/news/?page=130 HTTP/1.1" 404 26
Not Found: /api/news/
[24/May/2020 15:48:05] "GET /api/news/?page=129 HTTP/1.1" 404 26
Not Found: /api/news/
[24/May/2020 15:48:05] "GET /api/news/?page=131 HTTP/1.1" 404 26
Not Found: /api/news/
[24/May/2020 15:48:05] "GET /api/news/?page=133 HTTP/1.1" 404 26
Not Found: /api/news/
[24/May/2020 15:48:05] "GET /api/news/?page=132 HTTP/1.1" 404 26
Not Found: /api/news/
[24/May/2020 15:48:05] "GET /api/news/?page=134 HTTP/1.1" 404 26
Not Found: /api/news/
[24/May/2020 15:48:05] "GET /api/news/?page=135 HTTP/1.1" 404 26
Not Found: /api/news/
[24/May/2020 15:48:05] "GET /api/news/?page=137 HTTP/1.1" 404 26
Not Found: /api/news/
[24/May/2020 15:48:05] "GET /api/news/?page=136 HTTP/1.1" 404 26
Not Found: /api/news/
[24/May/2020 15:48:05] "GET /api/news/?page=138 HTTP/1.1" 404 26
Not Found: /api/news/
[24/May/2020 15:48:05] "GET /api/news/?page=139 HTTP/1.1" 404 26
Not Found: /api/news/
[24/May/2020 15:48:05] "GET /api/news/?page=140 HTTP/1.1" 404 26
Not Found: /api/news/
[24/May/2020 15:48:06] "GET /api/news/?page=141 HTTP/1.1" 404 26
Not Found: /api/news/
[24/May/2020 15:48:06] "GET /api/news/?page=143 HTTP/1.1" 404 26
Not Found: /api/news/
[24/May/2020 15:48:06] "GET /api/news/?page=142 HTTP/1.1" 404 26
Not Found: /api/news/
[24/May/2020 15:48:06] "GET /api/news/?page=145 HTTP/1.1" 404 26
Not Found: /api/news/
[24/May/2020 15:48:06] "GET /api/news/?page=144 HTTP/1.1" 404 26
Not Found: /api/news/
[24/May/2020 15:48:06] "GET /api/news/?page=146 HTTP/1.1" 404 26
Not Found: /api/news/
[24/May/2020 15:48:06] "GET /api/news/?page=148 HTTP/1.1" 404 26
Not Found: /api/news/
[24/May/2020 15:48:06] "GET /api/news/?page=147 HTTP/1.1" 404 26
Not Found: /api/news/
[24/May/2020 15:48:06] "GET /api/news/?page=149 HTTP/1.1" 404 26
Not Found: /api/news/
[24/May/2020 15:48:06] "GET /api/news/?page=150 HTTP/1.1" 404 26
Not Found: /api/news/
[24/May/2020 15:48:06] "GET /api/news/?page=151 HTTP/1.1" 404 26
Not Found: /api/news/
[24/May/2020 15:48:06] "GET /api/news/?page=152 HTTP/1.1" 404 26
Not Found: /api/news/
[24/May/2020 15:48:06] "GET /api/news/?page=153 HTTP/1.1" 404 26
Not Found: /api/news/
[24/May/2020 15:48:06] "GET /api/news/?page=154 HTTP/1.1" 404 26
Not Found: /api/news/
[24/May/2020 15:48:06] "GET /api/news/?page=156 HTTP/1.1" 404 26
Not Found: /api/news/
[24/May/2020 15:48:06] "GET /api/news/?page=155 HTTP/1.1" 404 26
Not Found: /api/news/
[24/May/2020 15:48:06] "GET /api/news/?page=158 HTTP/1.1" 404 26
Not Found: /api/news/
[24/May/2020 15:48:06] "GET /api/news/?page=157 HTTP/1.1" 404 26
Not Found: /api/news/
[24/May/2020 15:48:06] "GET /api/news/?page=159 HTTP/1.1" 404 26
Not Found: /api/news/
[24/May/2020 15:48:06] "GET /api/news/?page=161 HTTP/1.1" 404 26
Not Found: /api/news/
[24/May/2020 15:48:06] "GET /api/news/?page=160 HTTP/1.1" 404 26
Not Found: /api/news/
[24/May/2020 15:48:06] "GET /api/news/?page=162 HTTP/1.1" 404 26
Not Found: /api/news/
[24/May/2020 15:48:06] "GET /api/news/?page=164 HTTP/1.1" 404 26
Not Found: /api/news/
[24/May/2020 15:48:06] "GET /api/news/?page=163 HTTP/1.1" 404 26
Not Found: /api/news/
[24/May/2020 15:48:06] "GET /api/news/?page=165 HTTP/1.1" 404 26
Not Found: /api/news/
[24/May/2020 15:48:06] "GET /api/news/?page=167 HTTP/1.1" 404 26
Not Found: /api/news/
[24/May/2020 15:48:06] "GET /api/news/?page=166 HTTP/1.1" 404 26
Not Found: /api/news/
[24/May/2020 15:48:06] "GET /api/news/?page=170 HTTP/1.1" 404 26
Not Found: /api/news/
[24/May/2020 15:48:06] "GET /api/news/?page=169 HTTP/1.1" 404 26
Not Found: /api/news/
[24/May/2020 15:48:06] "GET /api/news/?page=168 HTTP/1.1" 404 26
Not Found: /api/news/
[24/May/2020 15:48:06] "GET /api/news/?page=171 HTTP/1.1" 404 26
Not Found: /api/news/
[24/May/2020 15:48:06] "GET /api/news/?page=172 HTTP/1.1" 404 26
Not Found: /api/news/
[24/May/2020 15:48:06] "GET /api/news/?page=173 HTTP/1.1" 404 26
Not Found: /api/news/
[24/May/2020 15:48:06] "GET /api/news/?page=174 HTTP/1.1" 404 26
Not Found: /api/news/
[24/May/2020 15:48:06] "GET /api/news/?page=176 HTTP/1.1" 404 26
Not Found: /api/news/
[24/May/2020 15:48:06] "GET /api/news/?page=175 HTTP/1.1" 404 26
Not Found: /api/news/
[24/May/2020 15:48:06] "GET /api/news/?page=177 HTTP/1.1" 404 26
Not Found: /api/news/
[24/May/2020 15:48:06] "GET /api/news/?page=178 HTTP/1.1" 404 26
Not Found: /api/news/
[24/May/2020 15:48:06] "GET /api/news/?page=179 HTTP/1.1" 404 26
Not Found: /api/news/
[24/May/2020 15:48:06] "GET /api/news/?page=180 HTTP/1.1" 404 26
Not Found: /api/news/
[24/May/2020 15:48:06] "GET /api/news/?page=182 HTTP/1.1" 404 26
Not Found: /api/news/
[24/May/2020 15:48:06] "GET /api/news/?page=181 HTTP/1.1" 404 26
Not Found: /api/news/
[24/May/2020 15:48:06] "GET /api/news/?page=183 HTTP/1.1" 404 26
Not Found: /api/news/
[24/May/2020 15:48:06] "GET /api/news/?page=185 HTTP/1.1" 404 26
Not Found: /api/news/
[24/May/2020 15:48:06] "GET /api/news/?page=184 HTTP/1.1" 404 26
Not Found: /api/news/
[24/May/2020 15:48:06] "GET /api/news/?page=186 HTTP/1.1" 404 26
Not Found: /api/news/
[24/May/2020 15:48:07] "GET /api/news/?page=187 HTTP/1.1" 404 26
Not Found: /api/news/
[24/May/2020 15:48:07] "GET /api/news/?page=189 HTTP/1.1" 404 26
Not Found: /api/news/
[24/May/2020 15:48:07] "GET /api/news/?page=188 HTTP/1.1" 404 26
Not Found: /api/news/
[24/May/2020 15:48:07] "GET /api/news/?page=190 HTTP/1.1" 404 26
Not Found: /api/news/
[24/May/2020 15:48:07] "GET /api/news/?page=192 HTTP/1.1" 404 26
Not Found: /api/news/
[24/May/2020 15:48:07] "GET /api/news/?page=191 HTTP/1.1" 404 26
Not Found: /api/news/
[24/May/2020 15:48:07] "GET /api/news/?page=193 HTTP/1.1" 404 26
Not Found: /api/news/
[24/May/2020 15:48:07] "GET /api/news/?page=195 HTTP/1.1" 404 26
Not Found: /api/news/
[24/May/2020 15:48:07] "GET /api/news/?page=194 HTTP/1.1" 404 26
Not Found: /api/news/
[24/May/2020 15:48:07] "GET /api/news/?page=196 HTTP/1.1" 404 26
Not Found: /api/news/
[24/May/2020 15:48:07] "GET /api/news/?page=197 HTTP/1.1" 404 26
Not Found: /api/news/
[24/May/2020 15:48:07] "GET /api/news/?page=199 HTTP/1.1" 404 26
Not Found: /api/news/
[24/May/2020 15:48:07] "GET /api/news/?page=201 HTTP/1.1" 404 26
Not Found: /api/news/
[24/May/2020 15:48:07] "GET /api/news/?page=200 HTTP/1.1" 404 26
Not Found: /api/news/
[24/May/2020 15:48:07] "GET /api/news/?page=202 HTTP/1.1" 404 26
Not Found: /api/news/
[24/May/2020 15:48:07] "GET /api/news/?page=203 HTTP/1.1" 404 26
Not Found: /api/news/
[24/May/2020 15:48:07] "GET /api/news/?page=204 HTTP/1.1" 404 26
Not Found: /api/news/
[24/May/2020 15:48:07] "GET /api/news/?page=205 HTTP/1.1" 404 26
Not Found: /api/news/
[24/May/2020 15:48:07] "GET /api/news/?page=206 HTTP/1.1" 404 26
Not Found: /api/news/
[24/May/2020 15:48:07] "GET /api/news/?page=207 HTTP/1.1" 404 26
Not Found: /api/news/
[24/May/2020 15:48:07] "GET /api/news/?page=208 HTTP/1.1" 404 26
Not Found: /api/news/
[24/May/2020 15:48:07] "GET /api/news/?page=209 HTTP/1.1" 404 26
Not Found: /api/news/
[24/May/2020 15:48:07] "GET /api/news/?page=210 HTTP/1.1" 404 26
Not Found: /api/news/
[24/May/2020 15:48:07] "GET /api/news/?page=211 HTTP/1.1" 404 26
Not Found: /api/news/
[24/May/2020 15:48:07] "GET /api/news/?page=213 HTTP/1.1" 404 26
Not Found: /api/news/
[24/May/2020 15:48:07] "GET /api/news/?page=212 HTTP/1.1" 404 26
Not Found: /api/news/
[24/May/2020 15:48:07] "GET /api/news/?page=214 HTTP/1.1" 404 26
Not Found: /api/news/
[24/May/2020 15:48:08] "GET /api/news/?page=215 HTTP/1.1" 404 26
Not Found: /api/news/
[24/May/2020 15:48:08] "GET /api/news/?page=216 HTTP/1.1" 404 26
Not Found: /api/news/
[24/May/2020 15:48:08] "GET /api/news/?page=217 HTTP/1.1" 404 26
Not Found: /api/news/
[24/May/2020 15:48:08] "GET /api/news/?page=218 HTTP/1.1" 404 26
Not Found: /api/news/
[24/May/2020 15:48:08] "GET /api/news/?page=219 HTTP/1.1" 404 26
Not Found: /api/news/
[24/May/2020 15:48:08] "GET /api/news/?page=220 HTTP/1.1" 404 26
Not Found: /api/news/
[24/May/2020 15:48:08] "GET /api/news/?page=221 HTTP/1.1" 404 26
Not Found: /api/news/
[24/May/2020 15:48:08] "GET /api/news/?page=222 HTTP/1.1" 404 26
Not Found: /api/news/
[24/May/2020 15:48:08] "GET /api/news/?page=223 HTTP/1.1" 404 26
Not Found: /api/news/
[24/May/2020 15:48:08] "GET /api/news/?page=224 HTTP/1.1" 404 26
Not Found: /api/news/
[24/May/2020 15:48:08] "GET /api/news/?page=225 HTTP/1.1" 404 26
Not Found: /api/news/
[24/May/2020 15:48:08] "GET /api/news/?page=227 HTTP/1.1" 404 26
Not Found: /api/news/
[24/May/2020 15:48:08] "GET /api/news/?page=226 HTTP/1.1" 404 26
Not Found: /api/news/
[24/May/2020 15:48:08] "GET /api/news/?page=229 HTTP/1.1" 404 26
Not Found: /api/news/
[24/May/2020 15:48:08] "GET /api/news/?page=228 HTTP/1.1" 404 26
Not Found: /api/news/
[24/May/2020 15:48:08] "GET /api/news/?page=230 HTTP/1.1" 404 26
Not Found: /api/news/
Not Found: /api/news/
[24/May/2020 15:48:08] "GET /api/news/?page=233 HTTP/1.1" 404 26
[24/May/2020 15:48:08] "GET /api/news/?page=231 HTTP/1.1" 404 26
Not Found: /api/news/
[24/May/2020 15:48:08] "GET /api/news/?page=232 HTTP/1.1" 404 26
Not Found: /api/news/
[24/May/2020 15:48:08] "GET /api/news/?page=234 HTTP/1.1" 404 26
Not Found: /api/news/
[24/May/2020 15:48:08] "GET /api/news/?page=235 HTTP/1.1" 404 26
Not Found: /api/news/
[24/May/2020 15:48:08] "GET /api/news/?page=237 HTTP/1.1" 404 26
Not Found: /api/news/
[24/May/2020 15:48:08] "GET /api/news/?page=236 HTTP/1.1" 404 26
Not Found: /api/news/
[24/May/2020 15:48:08] "GET /api/news/?page=238 HTTP/1.1" 404 26
Not Found: /api/news/
[24/May/2020 15:48:08] "GET /api/news/?page=239 HTTP/1.1" 404 26
Not Found: /api/news/
[24/May/2020 15:48:08] "GET /api/news/?page=241 HTTP/1.1" 404 26
Not Found: /api/news/
[24/May/2020 15:48:08] "GET /api/news/?page=240 HTTP/1.1" 404 26
Not Found: /api/news/
[24/May/2020 15:48:08] "GET /api/news/?page=242 HTTP/1.1" 404 26
Not Found: /api/news/
[24/May/2020 15:48:08] "GET /api/news/?page=245 HTTP/1.1" 404 26
Not Found: /api/news/
[24/May/2020 15:48:08] "GET /api/news/?page=243 HTTP/1.1" 404 26
Not Found: /api/news/
[24/May/2020 15:48:08] "GET /api/news/?page=244 HTTP/1.1" 404 26
Not Found: /api/news/
[24/May/2020 15:48:08] "GET /api/news/?page=246 HTTP/1.1" 404 26
Not Found: /api/news/
[24/May/2020 15:48:08] "GET /api/news/?page=247 HTTP/1.1" 404 26
Not Found: /api/news/
[24/May/2020 15:48:08] "GET /api/news/?page=248 HTTP/1.1" 404 26
Not Found: /api/news/
[24/May/2020 15:48:08] "GET /api/news/?page=249 HTTP/1.1" 404 26
Not Found: /api/news/
[24/May/2020 15:48:08] "GET /api/news/?page=251 HTTP/1.1" 404 26
Not Found: /api/news/
[24/May/2020 15:48:08] "GET /api/news/?page=250 HTTP/1.1" 404 26
Not Found: /api/news/
[24/May/2020 15:48:08] "GET /api/news/?page=252 HTTP/1.1" 404 26
Not Found: /api/news/
[24/May/2020 15:48:08] "GET /api/news/?page=253 HTTP/1.1" 404 26
Not Found: /api/news/
[24/May/2020 15:48:08] "GET /api/news/?page=254 HTTP/1.1" 404 26
Not Found: /api/news/
[24/May/2020 15:48:08] "GET /api/news/?page=256 HTTP/1.1" 404 26
Not Found: /api/news/
[24/May/2020 15:48:08] "GET /api/news/?page=255 HTTP/1.1" 404 26
Not Found: /api/news/
[24/May/2020 15:48:08] "GET /api/news/?page=257 HTTP/1.1" 404 26
Not Found: /api/news/
[24/May/2020 15:48:08] "GET /api/news/?page=258 HTTP/1.1" 404 26
Not Found: /api/news/
[24/May/2020 15:48:08] "GET /api/news/?page=259 HTTP/1.1" 404 26
Not Found: /api/news/
[24/May/2020 15:48:08] "GET /api/news/?page=261 HTTP/1.1" 404 26
Not Found: /api/news/
[24/May/2020 15:48:08] "GET /api/news/?page=260 HTTP/1.1" 404 26
Not Found: /api/news/
[24/May/2020 15:48:08] "GET /api/news/?page=262 HTTP/1.1" 404 26
Not Found: /api/news/
[24/May/2020 15:48:08] "GET /api/news/?page=263 HTTP/1.1" 404 26
Not Found: /api/news/
[24/May/2020 15:48:08] "GET /api/news/?page=264 HTTP/1.1" 404 26
Not Found: /api/news/
[24/May/2020 15:48:08] "GET /api/news/?page=265 HTTP/1.1" 404 26
Not Found: /api/news/
[24/May/2020 15:48:08] "GET /api/news/?page=266 HTTP/1.1" 404 26
Not Found: /api/news/
[24/May/2020 15:48:08] "GET /api/news/?page=267 HTTP/1.1" 404 26
Not Found: /api/news/
[24/May/2020 15:48:08] "GET /api/news/?page=268 HTTP/1.1" 404 26
Not Found: /api/news/
[24/May/2020 15:48:08] "GET /api/news/?page=269 HTTP/1.1" 404 26
Not Found: /api/news/
[24/May/2020 15:48:09] "GET /api/news/?page=271 HTTP/1.1" 404 26
Not Found: /api/news/
[24/May/2020 15:48:09] "GET /api/news/?page=270 HTTP/1.1" 404 26
Not Found: /api/news/
[24/May/2020 15:48:09] "GET /api/news/?page=272 HTTP/1.1" 404 26
Not Found: /api/news/
[24/May/2020 15:48:09] "GET /api/news/?page=274 HTTP/1.1" 404 26
Not Found: /api/news/
[24/May/2020 15:48:09] "GET /api/news/?page=273 HTTP/1.1" 404 26
Not Found: /api/news/
[24/May/2020 15:48:09] "GET /api/news/?page=275 HTTP/1.1" 404 26
Not Found: /api/news/
[24/May/2020 15:48:09] "GET /api/news/?page=276 HTTP/1.1" 404 26
Not Found: /api/news/
[24/May/2020 15:48:09] "GET /api/news/?page=277 HTTP/1.1" 404 26
Not Found: /api/news/
[24/May/2020 15:48:09] "GET /api/news/?page=279 HTTP/1.1" 404 26
Not Found: /api/news/
[24/May/2020 15:48:09] "GET /api/news/?page=278 HTTP/1.1" 404 26
Not Found: /api/news/
[24/May/2020 15:48:09] "GET /api/news/?page=280 HTTP/1.1" 404 26
Not Found: /api/news/
[24/May/2020 15:48:09] "GET /api/news/?page=281 HTTP/1.1" 404 26
Not Found: /api/news/
[24/May/2020 15:48:09] "GET /api/news/?page=282 HTTP/1.1" 404 26
Not Found: /api/news/
[24/May/2020 15:48:09] "GET /api/news/?page=283 HTTP/1.1" 404 26
Not Found: /api/news/
[24/May/2020 15:48:09] "GET /api/news/?page=284 HTTP/1.1" 404 26
Not Found: /api/news/
[24/May/2020 15:48:09] "GET /api/news/?page=285 HTTP/1.1" 404 26
Not Found: /api/news/
[24/May/2020 15:48:09] "GET /api/news/?page=286 HTTP/1.1" 404 26
Not Found: /api/news/
[24/May/2020 15:48:09] "GET /api/news/?page=287 HTTP/1.1" 404 26
Not Found: /api/news/
[24/May/2020 15:48:09] "GET /api/news/?page=288 HTTP/1.1" 404 26
Not Found: /api/news/
[24/May/2020 15:48:09] "GET /api/news/?page=290 HTTP/1.1" 404 26
Not Found: /api/news/
[24/May/2020 15:48:09] "GET /api/news/?page=289 HTTP/1.1" 404 26
Not Found: /api/news/
[24/May/2020 15:48:09] "GET /api/news/?page=291 HTTP/1.1" 404 26
Not Found: /api/news/
[24/May/2020 15:48:09] "GET /api/news/?page=292 HTTP/1.1" 404 26
Not Found: /api/news/
[24/May/2020 15:48:09] "GET /api/news/?page=294 HTTP/1.1" 404 26
Not Found: /api/news/
[24/May/2020 15:48:09] "GET /api/news/?page=293 HTTP/1.1" 404 26
Not Found: /api/news/
[24/May/2020 15:48:09] "GET /api/news/?page=296 HTTP/1.1" 404 26
Not Found: /api/news/
[24/May/2020 15:48:09] "GET /api/news/?page=295 HTTP/1.1" 404 26
Not Found: /api/news/
[24/May/2020 15:48:09] "GET /api/news/?page=297 HTTP/1.1" 404 26
Not Found: /api/news/
[24/May/2020 15:48:09] "GET /api/news/?page=299 HTTP/1.1" 404 26
Not Found: /api/news/
[24/May/2020 15:48:09] "GET /api/news/?page=300 HTTP/1.1" 404 26
Not Found: /api/news/
[24/May/2020 15:48:09] "GET /api/news/?page=298 HTTP/1.1" 404 26
Not Found: /api/news/
[24/May/2020 15:48:09] "GET /api/news/?page=301 HTTP/1.1" 404 26
Not Found: /api/news/
[24/May/2020 15:48:09] "GET /api/news/?page=302 HTTP/1.1" 404 26
Not Found: /api/news/
[24/May/2020 15:48:09] "GET /api/news/?page=303 HTTP/1.1" 404 26
Not Found: /api/news/
[24/May/2020 15:48:09] "GET /api/news/?page=305 HTTP/1.1" 404 26
Not Found: /api/news/
[24/May/2020 15:48:09] "GET /api/news/?page=304 HTTP/1.1" 404 26
Not Found: /api/news/
[24/May/2020 15:48:09] "GET /api/news/?page=306 HTTP/1.1" 404 26
Not Found: /api/news/
[24/May/2020 15:48:09] "GET /api/news/?page=307 HTTP/1.1" 404 26
Not Found: /api/news/
[24/May/2020 15:48:09] "GET /api/news/?page=308 HTTP/1.1" 404 26
Not Found: /api/news/
[24/May/2020 15:48:09] "GET /api/news/?page=310 HTTP/1.1" 404 26
Not Found: /api/news/
[24/May/2020 15:48:09] "GET /api/news/?page=311 HTTP/1.1" 404 26
Not Found: /api/news/
[24/May/2020 15:48:09] "GET /api/news/?page=309 HTTP/1.1" 404 26
Not Found: /api/news/
[24/May/2020 15:48:09] "GET /api/news/?page=313 HTTP/1.1" 404 26
Not Found: /api/news/
[24/May/2020 15:48:09] "GET /api/news/?page=312 HTTP/1.1" 404 26
Not Found: /api/news/
[24/May/2020 15:48:09] "GET /api/news/?page=315 HTTP/1.1" 404 26
Not Found: /api/news/
[24/May/2020 15:48:09] "GET /api/news/?page=314 HTTP/1.1" 404 26
Not Found: /api/news/
[24/May/2020 15:48:09] "GET /api/news/?page=316 HTTP/1.1" 404 26
Not Found: /api/news/
[24/May/2020 15:48:09] "GET /api/news/?page=318 HTTP/1.1" 404 26
Not Found: /api/news/
[24/May/2020 15:48:09] "GET /api/news/?page=317 HTTP/1.1" 404 26
Not Found: /api/news/
[24/May/2020 15:48:09] "GET /api/news/?page=319 HTTP/1.1" 404 26
Not Found: /api/news/
[24/May/2020 15:48:09] "GET /api/news/?page=320 HTTP/1.1" 404 26
Not Found: /api/news/
[24/May/2020 15:48:09] "GET /api/news/?page=321 HTTP/1.1" 404 26
Not Found: /api/news/
[24/May/2020 15:48:09] "GET /api/news/?page=323 HTTP/1.1" 404 26
Not Found: /api/news/
[24/May/2020 15:48:09] "GET /api/news/?page=322 HTTP/1.1" 404 26
Not Found: /api/news/
[24/May/2020 15:48:09] "GET /api/news/?page=324 HTTP/1.1" 404 26
Not Found: /api/news/
[24/May/2020 15:48:09] "GET /api/news/?page=325 HTTP/1.1" 404 26
Not Found: /api/news/
[24/May/2020 15:48:09] "GET /api/news/?page=326 HTTP/1.1" 404 26
Not Found: /api/news/
[24/May/2020 15:48:10] "GET /api/news/?page=327 HTTP/1.1" 404 26
Not Found: /api/news/
[24/May/2020 15:48:10] "GET /api/news/?page=328 HTTP/1.1" 404 26
Not Found: /api/news/
[24/May/2020 15:48:10] "GET /api/news/?page=61 HTTP/1.1" 404 26
Not Found: /api/news/
[24/May/2020 15:48:10] "GET /api/news/?page=329 HTTP/1.1" 404 26
Not Found: /api/news/
[24/May/2020 15:48:10] "GET /api/news/?page=331 HTTP/1.1" 404 26
Not Found: /api/news/
[24/May/2020 15:48:10] "GET /api/news/?page=330 HTTP/1.1" 404 26
Not Found: /api/news/
[24/May/2020 15:48:10] "GET /api/news/?page=332 HTTP/1.1" 404 26
Not Found: /api/news/
[24/May/2020 15:48:10] "GET /api/news/?page=333 HTTP/1.1" 404 26
Not Found: /api/news/
[24/May/2020 15:48:10] "GET /api/news/?page=334 HTTP/1.1" 404 26
Not Found: /api/news/
[24/May/2020 15:48:10] "GET /api/news/?page=335 HTTP/1.1" 404 26
Not Found: /api/news/
[24/May/2020 15:48:10] "GET /api/news/?page=336 HTTP/1.1" 404 26
Not Found: /api/news/
[24/May/2020 15:48:10] "GET /api/news/?page=338 HTTP/1.1" 404 26
Not Found: /api/news/
[24/May/2020 15:48:10] "GET /api/news/?page=337 HTTP/1.1" 404 26
Not Found: /api/news/
[24/May/2020 15:48:10] "GET /api/news/?page=340 HTTP/1.1" 404 26
Not Found: /api/news/
[24/May/2020 15:48:10] "GET /api/news/?page=339 HTTP/1.1" 404 26
Not Found: /api/news/
[24/May/2020 15:48:10] "GET /api/news/?page=341 HTTP/1.1" 404 26
Not Found: /api/news/
[24/May/2020 15:48:10] "GET /api/news/?page=343 HTTP/1.1" 404 26
Not Found: /api/news/
[24/May/2020 15:48:10] "GET /api/news/?page=342 HTTP/1.1" 404 26
Not Found: /api/news/
[24/May/2020 15:48:10] "GET /api/news/?page=344 HTTP/1.1" 404 26
Not Found: /api/news/
[24/May/2020 15:48:10] "GET /api/news/?page=345 HTTP/1.1" 404 26
Not Found: /api/news/
[24/May/2020 15:48:10] "GET /api/news/?page=347 HTTP/1.1" 404 26
Not Found: /api/news/
[24/May/2020 15:48:10] "GET /api/news/?page=346 HTTP/1.1" 404 26
Not Found: /api/news/
[24/May/2020 15:48:10] "GET /api/news/?page=348 HTTP/1.1" 404 26
Not Found: /api/news/
[24/May/2020 15:48:11] "GET /api/news/?page=349 HTTP/1.1" 404 26
Not Found: /api/news/
[24/May/2020 15:48:11] "GET /api/news/?page=351 HTTP/1.1" 404 26
Not Found: /api/news/
[24/May/2020 15:48:11] "GET /api/news/?page=350 HTTP/1.1" 404 26
Not Found: /api/news/
[24/May/2020 15:48:11] "GET /api/news/?page=352 HTTP/1.1" 404 26
Not Found: /api/news/
[24/May/2020 15:48:11] "GET /api/news/?page=353 HTTP/1.1" 404 26
Not Found: /api/news/
[24/May/2020 15:48:11] "GET /api/news/?page=354 HTTP/1.1" 404 26
Not Found: /api/news/
[24/May/2020 15:48:11] "GET /api/news/?page=355 HTTP/1.1" 404 26
Not Found: /api/news/
[24/May/2020 15:48:11] "GET /api/news/?page=356 HTTP/1.1" 404 26
Not Found: /api/news/
[24/May/2020 15:48:11] "GET /api/news/?page=357 HTTP/1.1" 404 26
Not Found: /api/news/
[24/May/2020 15:48:11] "GET /api/news/?page=358 HTTP/1.1" 404 26
Not Found: /api/news/
[24/May/2020 15:48:11] "GET /api/news/?page=359 HTTP/1.1" 404 26
Not Found: /api/news/
[24/May/2020 15:48:11] "GET /api/news/?page=360 HTTP/1.1" 404 26
Not Found: /api/news/
[24/May/2020 15:48:11] "GET /api/news/?page=361 HTTP/1.1" 404 26
Not Found: /api/news/
[24/May/2020 15:48:11] "GET /api/news/?page=362 HTTP/1.1" 404 26
Not Found: /api/news/
[24/May/2020 15:48:11] "GET /api/news/?page=363 HTTP/1.1" 404 26
Not Found: /api/news/
[24/May/2020 15:48:11] "GET /api/news/?page=364 HTTP/1.1" 404 26
Not Found: /api/news/
[24/May/2020 15:48:11] "GET /api/news/?page=365 HTTP/1.1" 404 26
Not Found: /api/news/
[24/May/2020 15:48:11] "GET /api/news/?page=367 HTTP/1.1" 404 26
Not Found: /api/news/
[24/May/2020 15:48:11] "GET /api/news/?page=366 HTTP/1.1" 404 26
Not Found: /api/news/
[24/May/2020 15:48:11] "GET /api/news/?page=368 HTTP/1.1" 404 26
Not Found: /api/news/
[24/May/2020 15:48:11] "GET /api/news/?page=369 HTTP/1.1" 404 26
Not Found: /api/news/
[24/May/2020 15:48:11] "GET /api/news/?page=370 HTTP/1.1" 404 26
Not Found: /api/news/
[24/May/2020 15:48:11] "GET /api/news/?page=371 HTTP/1.1" 404 26
Not Found: /api/news/
[24/May/2020 15:48:11] "GET /api/news/?page=372 HTTP/1.1" 404 26
Not Found: /api/news/
[24/May/2020 15:48:11] "GET /api/news/?page=373 HTTP/1.1" 404 26
Not Found: /api/news/
[24/May/2020 15:48:11] "GET /api/news/?page=374 HTTP/1.1" 404 26
Not Found: /api/news/
[24/May/2020 15:48:11] "GET /api/news/?page=375 HTTP/1.1" 404 26
Not Found: /api/news/
[24/May/2020 15:48:11] "GET /api/news/?page=376 HTTP/1.1" 404 26
Not Found: /api/news/
[24/May/2020 15:48:11] "GET /api/news/?page=379 HTTP/1.1" 404 26
Not Found: /api/news/
[24/May/2020 15:48:11] "GET /api/news/?page=377 HTTP/1.1" 404 26
Not Found: /api/news/
[24/May/2020 15:48:11] "GET /api/news/?page=378 HTTP/1.1" 404 26
Not Found: /api/news/
[24/May/2020 15:48:11] "GET /api/news/?page=380 HTTP/1.1" 404 26
Not Found: /api/news/
[24/May/2020 15:48:11] "GET /api/news/?page=381 HTTP/1.1" 404 26
Not Found: /api/news/
[24/May/2020 15:48:11] "GET /api/news/?page=382 HTTP/1.1" 404 26
[24/May/2020 15:48:13] "GET /api/news/?page=1 HTTP/1.1" 200 113739
Not Found: /api/news/
[24/May/2020 15:48:14] "GET /api/news/?page=198 HTTP/1.1" 404 26
[24/May/2020 15:49:27] "GET /api/news/?page=1 HTTP/1.1" 200 113739
[24/May/2020 15:49:37] "GET /api/news/?page=1 HTTP/1.1" 200 113739
[24/May/2020 15:50:54] "GET /api/news/?page=1 HTTP/1.1" 200 113739
[24/May/2020 15:50:57] "GET /api/news/?page=1 HTTP/1.1" 200 113739
[24/May/2020 15:51:23] "GET /api/news/?page=1 HTTP/1.1" 200 113739
[24/May/2020 15:51:27] "GET /api/news/?page=1 HTTP/1.1" 200 113739
[24/May/2020 15:51:29] "GET /api/news/?page=1 HTTP/1.1" 200 113739
[24/May/2020 15:51:31] "GET /api/news/?page=1 HTTP/1.1" 200 113739
[24/May/2020 15:51:32] "GET /api/news/?page=1 HTTP/1.1" 200 113739
[24/May/2020 15:55:19] "GET /api/news/?page=1 HTTP/1.1" 200 113739
[24/May/2020 15:55:25] "GET /api/news/?page=1 HTTP/1.1" 200 113739
[24/May/2020 15:55:29] "GET /api/news/?page=1 HTTP/1.1" 200 113739
[24/May/2020 15:55:42] "GET /api/news/?page=2 HTTP/1.1" 200 77625
[24/May/2020 15:55:59] "GET /api/news/?page=1 HTTP/1.1" 200 113739
[24/May/2020 15:56:04] "GET /api/news/?page=2 HTTP/1.1" 200 77625
[24/May/2020 15:56:04] "GET /api/news/?page=4 HTTP/1.1" 200 20936
[24/May/2020 15:56:04] "GET /api/news/?page=3 HTTP/1.1" 200 21635
[24/May/2020 15:56:04] "GET /api/news/?page=5 HTTP/1.1" 200 31879
[24/May/2020 15:56:04] "GET /api/news/?page=6 HTTP/1.1" 200 28307
Not Found: /api/news/
Not Found: /api/news/
[24/May/2020 15:56:04] "GET /api/news/?page=8 HTTP/1.1" 404 26
[24/May/2020 15:56:04] "GET /api/news/?page=10 HTTP/1.1" 404 26
Not Found: /api/news/
[24/May/2020 15:56:04] "GET /api/news/?page=11 HTTP/1.1" 404 26
[24/May/2020 15:56:04] "GET /api/news/?page=7 HTTP/1.1" 200 23854
Not Found: /api/news/
[24/May/2020 15:56:04] "GET /api/news/?page=12 HTTP/1.1" 404 26
Not Found: /api/news/
[24/May/2020 15:56:04] "GET /api/news/?page=13 HTTP/1.1" 404 26
Not Found: /api/news/
[24/May/2020 15:56:04] "GET /api/news/?page=14 HTTP/1.1" 404 26
Not Found: /api/news/
[24/May/2020 15:56:04] "GET /api/news/?page=18 HTTP/1.1" 404 26
Not Found: /api/news/
[24/May/2020 15:56:04] "GET /api/news/?page=16 HTTP/1.1" 404 26
Not Found: /api/news/
[24/May/2020 15:56:05] "GET /api/news/?page=15 HTTP/1.1" 404 26
Not Found: /api/news/
[24/May/2020 15:56:05] "GET /api/news/?page=20 HTTP/1.1" 404 26
Not Found: /api/news/
[24/May/2020 15:56:05] "GET /api/news/?page=19 HTTP/1.1" 404 26
Not Found: /api/news/
[24/May/2020 15:56:05] "GET /api/news/?page=22 HTTP/1.1" 404 26
Not Found: /api/news/
[24/May/2020 15:56:05] "GET /api/news/?page=24 HTTP/1.1" 404 26
Not Found: /api/news/
[24/May/2020 15:56:05] "GET /api/news/?page=25 HTTP/1.1" 404 26
Not Found: /api/news/
[24/May/2020 15:56:05] "GET /api/news/?page=37 HTTP/1.1" 404 26
Not Found: /api/news/
[24/May/2020 15:56:05] "GET /api/news/?page=26 HTTP/1.1" 404 26
Not Found: /api/news/
[24/May/2020 15:56:05] "GET /api/news/?page=39 HTTP/1.1" 404 26
Not Found: /api/news/
[24/May/2020 15:56:05] "GET /api/news/?page=28 HTTP/1.1" 404 26
Not Found: /api/news/
[24/May/2020 15:56:05] "GET /api/news/?page=42 HTTP/1.1" 404 26
Not Found: /api/news/
[24/May/2020 15:56:05] "GET /api/news/?page=29 HTTP/1.1" 404 26
Not Found: /api/news/
[24/May/2020 15:56:05] "GET /api/news/?page=33 HTTP/1.1" 404 26
Not Found: /api/news/
[24/May/2020 15:56:05] "GET /api/news/?page=34 HTTP/1.1" 404 26
Not Found: /api/news/
[24/May/2020 15:56:05] "GET /api/news/?page=32 HTTP/1.1" 404 26
Not Found: /api/news/
[24/May/2020 15:56:05] "GET /api/news/?page=30 HTTP/1.1" 404 26
Not Found: /api/news/
[24/May/2020 15:56:05] "GET /api/news/?page=36 HTTP/1.1" 404 26
Not Found: /api/news/
[24/May/2020 15:56:05] "GET /api/news/?page=35 HTTP/1.1" 404 26
Not Found: /api/news/
[24/May/2020 15:56:05] "GET /api/news/?page=38 HTTP/1.1" 404 26
Not Found: /api/news/
[24/May/2020 15:56:05] "GET /api/news/?page=40 HTTP/1.1" 404 26
Not Found: /api/news/
[24/May/2020 15:56:05] "GET /api/news/?page=9 HTTP/1.1" 404 26
Not Found: /api/news/
[24/May/2020 15:56:06] "GET /api/news/?page=23 HTTP/1.1" 404 26
Not Found: /api/news/
[24/May/2020 15:56:06] "GET /api/news/?page=27 HTTP/1.1" 404 26
Not Found: /api/news/
[24/May/2020 15:56:06] "GET /api/news/?page=17 HTTP/1.1" 404 26
Not Found: /api/news/
[24/May/2020 15:56:06] "GET /api/news/?page=31 HTTP/1.1" 404 26
Not Found: /api/news/
[24/May/2020 15:56:06] "GET /api/news/?page=21 HTTP/1.1" 404 26
Not Found: /api/news/
[24/May/2020 15:56:06] "GET /api/news/?page=41 HTTP/1.1" 404 26
[24/May/2020 15:58:11] "GET /api/news/?page=1 HTTP/1.1" 200 113739
[24/May/2020 15:58:17] "GET /api/news/?page=1 HTTP/1.1" 200 113739
[24/May/2020 15:59:13] "GET /api/news/?page=1 HTTP/1.1" 200 113739
[24/May/2020 15:59:37] "GET /api/news/?page=1 HTTP/1.1" 200 113739
[24/May/2020 16:02:52] "GET /api/news/?page=1 HTTP/1.1" 200 113739
[24/May/2020 16:03:06] "GET /api/news/?page=4 HTTP/1.1" 200 20936
[24/May/2020 16:03:06] "GET /api/news/?page=3 HTTP/1.1" 200 21635
[24/May/2020 16:03:06] "GET /api/news/?page=6 HTTP/1.1" 200 28307
[24/May/2020 16:03:06] "GET /api/news/?page=7 HTTP/1.1" 200 23854
Not Found: /api/news/
[24/May/2020 16:03:06] "GET /api/news/?page=9 HTTP/1.1" 404 26
Not Found: /api/news/
[24/May/2020 16:03:06] "GET /api/news/?page=10 HTTP/1.1" 404 26
[24/May/2020 16:03:06] "GET /api/news/?page=2 HTTP/1.1" 200 77625
Not Found: /api/news/
[24/May/2020 16:03:06] "GET /api/news/?page=8 HTTP/1.1" 404 26
Not Found: /api/news/
[24/May/2020 16:03:06] "GET /api/news/?page=14 HTTP/1.1" 404 26
Not Found: /api/news/
Not Found: /api/news/
[24/May/2020 16:03:06] "GET /api/news/?page=16 HTTP/1.1" 404 26
[24/May/2020 16:03:06] "GET /api/news/?page=15 HTTP/1.1" 404 26
Not Found: /api/news/
[24/May/2020 16:03:06] "GET /api/news/?page=19 HTTP/1.1" 404 26
Not Found: /api/news/
Not Found: /api/news/
[24/May/2020 16:03:06] "GET /api/news/?page=20 HTTP/1.1" 404 26
Not Found: /api/news/
Not Found: /api/news/
[24/May/2020 16:03:06] "GET /api/news/?page=17 HTTP/1.1" 404 26
[24/May/2020 16:03:06] "GET /api/news/?page=22 HTTP/1.1" 404 26
[24/May/2020 16:03:06] "GET /api/news/?page=18 HTTP/1.1" 404 26
Not Found: /api/news/
[24/May/2020 16:03:06] "GET /api/news/?page=21 HTTP/1.1" 404 26
Not Found: /api/news/
[24/May/2020 16:03:06] "GET /api/news/?page=24 HTTP/1.1" 404 26
Not Found: /api/news/
[24/May/2020 16:03:06] "GET /api/news/?page=25 HTTP/1.1" 404 26
Not Found: /api/news/
[24/May/2020 16:03:06] "GET /api/news/?page=26 HTTP/1.1" 404 26
Not Found: /api/news/
[24/May/2020 16:03:06] "GET /api/news/?page=36 HTTP/1.1" 404 26
Not Found: /api/news/
[24/May/2020 16:03:06] "GET /api/news/?page=27 HTTP/1.1" 404 26
Not Found: /api/news/
[24/May/2020 16:03:06] "GET /api/news/?page=37 HTTP/1.1" 404 26
Not Found: /api/news/
[24/May/2020 16:03:06] "GET /api/news/?page=30 HTTP/1.1" 404 26
Not Found: /api/news/
[24/May/2020 16:03:06] "GET /api/news/?page=29 HTTP/1.1" 404 26
Not Found: /api/news/
[24/May/2020 16:03:06] "GET /api/news/?page=32 HTTP/1.1" 404 26
Not Found: /api/news/
[24/May/2020 16:03:06] "GET /api/news/?page=41 HTTP/1.1" 404 26
Not Found: /api/news/
[24/May/2020 16:03:06] "GET /api/news/?page=45 HTTP/1.1" 404 26
Not Found: /api/news/
[24/May/2020 16:03:06] "GET /api/news/?page=35 HTTP/1.1" 404 26
Not Found: /api/news/
[24/May/2020 16:03:06] "GET /api/news/?page=34 HTTP/1.1" 404 26
Not Found: /api/news/
[24/May/2020 16:03:06] "GET /api/news/?page=39 HTTP/1.1" 404 26
Not Found: /api/news/
[24/May/2020 16:03:06] "GET /api/news/?page=40 HTTP/1.1" 404 26
Not Found: /api/news/
Not Found: /api/news/
[24/May/2020 16:03:07] "GET /api/news/?page=43 HTTP/1.1" 404 26
[24/May/2020 16:03:07] "GET /api/news/?page=38 HTTP/1.1" 404 26
Not Found: /api/news/
Not Found: /api/news/
[24/May/2020 16:03:07] "GET /api/news/?page=44 HTTP/1.1" 404 26
[24/May/2020 16:03:07] "GET /api/news/?page=42 HTTP/1.1" 404 26
Not Found: /api/news/
[24/May/2020 16:03:07] "GET /api/news/?page=11 HTTP/1.1" 404 26
Not Found: /api/news/
[24/May/2020 16:03:07] "GET /api/news/?page=12 HTTP/1.1" 404 26
Not Found: /api/news/
[24/May/2020 16:03:07] "GET /api/news/?page=13 HTTP/1.1" 404 26
[24/May/2020 16:03:07] "GET /api/news/?page=5 HTTP/1.1" 200 31879
Not Found: /api/news/
[24/May/2020 16:03:07] "GET /api/news/?page=31 HTTP/1.1" 404 26
Not Found: /api/news/
[24/May/2020 16:03:07] "GET /api/news/?page=33 HTTP/1.1" 404 26
Not Found: /api/news/
[24/May/2020 16:03:07] "GET /api/news/?page=23 HTTP/1.1" 404 26
Not Found: /api/news/
[24/May/2020 16:03:13] "GET /api/news/?page=28 HTTP/1.1" 404 26
[24/May/2020 16:04:21] "GET /api/news/?page=1 HTTP/1.1" 200 113739
[24/May/2020 16:04:27] "GET /api/news/?page=1 HTTP/1.1" 200 113739
Not Found: /api/news/
[24/May/2020 16:05:10] "GET /api/news/?page=46 HTTP/1.1" 404 26
Not Found: /api/news/
[24/May/2020 16:05:11] "GET /api/news/?page=57 HTTP/1.1" 404 26
Not Found: /api/news/
[24/May/2020 16:05:11] "GET /api/news/?page=48 HTTP/1.1" 404 26
Not Found: /api/news/
[24/May/2020 16:05:11] "GET /api/news/?page=51 HTTP/1.1" 404 26
Not Found: /api/news/
[24/May/2020 16:05:11] "GET /api/news/?page=54 HTTP/1.1" 404 26
Not Found: /api/news/
[24/May/2020 16:05:11] "GET /api/news/?page=55 HTTP/1.1" 404 26
Not Found: /api/news/
[24/May/2020 16:05:11] "GET /api/news/?page=56 HTTP/1.1" 404 26
Not Found: /api/news/
[24/May/2020 16:05:11] "GET /api/news/?page=53 HTTP/1.1" 404 26
Not Found: /api/news/
[24/May/2020 16:05:11] "GET /api/news/?page=58 HTTP/1.1" 404 26
Not Found: /api/news/
[24/May/2020 16:05:11] "GET /api/news/?page=60 HTTP/1.1" 404 26
Not Found: /api/news/
[24/May/2020 16:05:11] "GET /api/news/?page=59 HTTP/1.1" 404 26
Not Found: /api/news/
[24/May/2020 16:05:11] "GET /api/news/?page=67 HTTP/1.1" 404 26
Not Found: /api/news/
[24/May/2020 16:05:11] "GET /api/news/?page=71 HTTP/1.1" 404 26
Not Found: /api/news/
[24/May/2020 16:05:11] "GET /api/news/?page=64 HTTP/1.1" 404 26
Not Found: /api/news/
[24/May/2020 16:05:11] "GET /api/news/?page=74 HTTP/1.1" 404 26
Not Found: /api/news/
[24/May/2020 16:05:11] "GET /api/news/?page=75 HTTP/1.1" 404 26
Not Found: /api/news/
[24/May/2020 16:05:11] "GET /api/news/?page=65 HTTP/1.1" 404 26
Not Found: /api/news/
[24/May/2020 16:05:11] "GET /api/news/?page=63 HTTP/1.1" 404 26
Not Found: /api/news/
[24/May/2020 16:05:11] "GET /api/news/?page=66 HTTP/1.1" 404 26
Not Found: /api/news/
[24/May/2020 16:05:11] "GET /api/news/?page=70 HTTP/1.1" 404 26
Not Found: /api/news/
[24/May/2020 16:05:11] "GET /api/news/?page=79 HTTP/1.1" 404 26
Not Found: /api/news/
[24/May/2020 16:05:11] "GET /api/news/?page=77 HTTP/1.1" 404 26
Not Found: /api/news/
[24/May/2020 16:05:11] "GET /api/news/?page=69 HTTP/1.1" 404 26
Not Found: /api/news/
[24/May/2020 16:05:11] "GET /api/news/?page=68 HTTP/1.1" 404 26
Not Found: /api/news/
[24/May/2020 16:05:11] "GET /api/news/?page=73 HTTP/1.1" 404 26
Not Found: /api/news/
Not Found: /api/news/
[24/May/2020 16:05:11] "GET /api/news/?page=76 HTTP/1.1" 404 26
Not Found: /api/news/
[24/May/2020 16:05:11] "GET /api/news/?page=72 HTTP/1.1" 404 26
[24/May/2020 16:05:11] "GET /api/news/?page=80 HTTP/1.1" 404 26
Not Found: /api/news/
[24/May/2020 16:05:11] "GET /api/news/?page=92 HTTP/1.1" 404 26
Not Found: /api/news/
[24/May/2020 16:05:11] "GET /api/news/?page=91 HTTP/1.1" 404 26
Not Found: /api/news/
[24/May/2020 16:05:11] "GET /api/news/?page=78 HTTP/1.1" 404 26
Not Found: /api/news/
Not Found: /api/news/
[24/May/2020 16:05:12] "GET /api/news/?page=89 HTTP/1.1" 404 26
[24/May/2020 16:05:12] "GET /api/news/?page=83 HTTP/1.1" 404 26
Not Found: /api/news/
Not Found: /api/news/
[24/May/2020 16:05:12] "GET /api/news/?page=103 HTTP/1.1" 404 26
Not Found: /api/news/
[24/May/2020 16:05:12] "GET /api/news/?page=104 HTTP/1.1" 404 26
[24/May/2020 16:05:12] "GET /api/news/?page=50 HTTP/1.1" 404 26
Not Found: /api/news/
[24/May/2020 16:05:12] "GET /api/news/?page=81 HTTP/1.1" 404 26
Not Found: /api/news/
Not Found: /api/news/
Not Found: /api/news/
Not Found: /api/news/
[24/May/2020 16:05:12] "GET /api/news/?page=100 HTTP/1.1" 404 26
[24/May/2020 16:05:12] "GET /api/news/?page=47 HTTP/1.1" 404 26
[24/May/2020 16:05:12] "GET /api/news/?page=102 HTTP/1.1" 404 26
Not Found: /api/news/
[24/May/2020 16:05:12] "GET /api/news/?page=84 HTTP/1.1" 404 26
Not Found: /api/news/
[24/May/2020 16:05:12] "GET /api/news/?page=90 HTTP/1.1" 404 26
Not Found: /api/news/
[24/May/2020 16:05:12] "GET /api/news/?page=86 HTTP/1.1" 404 26
Not Found: /api/news/
[24/May/2020 16:05:12] "GET /api/news/?page=98 HTTP/1.1" 404 26
Not Found: /api/news/
Not Found: /api/news/
[24/May/2020 16:05:12] "GET /api/news/?page=101 HTTP/1.1" 404 26
[24/May/2020 16:05:12] "GET /api/news/?page=52 HTTP/1.1" 404 26
[24/May/2020 16:05:12] "GET /api/news/?page=94 HTTP/1.1" 404 26
Not Found: /api/news/
[24/May/2020 16:05:12] "GET /api/news/?page=96 HTTP/1.1" 404 26
Not Found: /api/news/
Not Found: /api/news/
Not Found: /api/news/
[24/May/2020 16:05:12] "GET /api/news/?page=49 HTTP/1.1" 404 26
[24/May/2020 16:05:12] "GET /api/news/?page=99 HTTP/1.1" 404 26
[24/May/2020 16:05:12] "GET /api/news/?page=95 HTTP/1.1" 404 26
Not Found: /api/news/
Not Found: /api/news/
[24/May/2020 16:05:12] "GET /api/news/?page=111 HTTP/1.1" 404 26
Not Found: /api/news/
Not Found: /api/news/
[24/May/2020 16:05:12] "GET /api/news/?page=110 HTTP/1.1" 404 26
[24/May/2020 16:05:12] "GET /api/news/?page=113 HTTP/1.1" 404 26
Not Found: /api/news/
[24/May/2020 16:05:12] "GET /api/news/?page=108 HTTP/1.1" 404 26
Not Found: /api/news/
[24/May/2020 16:05:12] "GET /api/news/?page=105 HTTP/1.1" 404 26
[24/May/2020 16:05:12] "GET /api/news/?page=107 HTTP/1.1" 404 26
Not Found: /api/news/
[24/May/2020 16:05:12] "GET /api/news/?page=112 HTTP/1.1" 404 26
Not Found: /api/news/
Not Found: /api/news/
[24/May/2020 16:05:12] "GET /api/news/?page=109 HTTP/1.1" 404 26
Not Found: /api/news/
[24/May/2020 16:05:12] "GET /api/news/?page=115 HTTP/1.1" 404 26
[24/May/2020 16:05:12] "GET /api/news/?page=61 HTTP/1.1" 404 26
Not Found: /api/news/
Not Found: /api/news/
[24/May/2020 16:05:12] "GET /api/news/?page=114 HTTP/1.1" 404 26
[24/May/2020 16:05:12] "GET /api/news/?page=62 HTTP/1.1" 404 26
Not Found: /api/news/
[24/May/2020 16:05:12] "GET /api/news/?page=117 HTTP/1.1" 404 26
Not Found: /api/news/
[24/May/2020 16:05:12] "GET /api/news/?page=116 HTTP/1.1" 404 26
Not Found: /api/news/
[24/May/2020 16:05:12] "GET /api/news/?page=118 HTTP/1.1" 404 26
Not Found: /api/news/
[24/May/2020 16:05:12] "GET /api/news/?page=119 HTTP/1.1" 404 26
Not Found: /api/news/
[24/May/2020 16:05:12] "GET /api/news/?page=121 HTTP/1.1" 404 26
Not Found: /api/news/
Not Found: /api/news/
[24/May/2020 16:05:13] "GET /api/news/?page=131 HTTP/1.1" 404 26
[24/May/2020 16:05:13] "GET /api/news/?page=128 HTTP/1.1" 404 26
Not Found: /api/news/
[24/May/2020 16:05:13] "GET /api/news/?page=123 HTTP/1.1" 404 26
Not Found: /api/news/
Not Found: /api/news/
[24/May/2020 16:05:13] "GET /api/news/?page=130 HTTP/1.1" 404 26
[24/May/2020 16:05:13] "GET /api/news/?page=132 HTTP/1.1" 404 26
Not Found: /api/news/
[24/May/2020 16:05:13] "GET /api/news/?page=124 HTTP/1.1" 404 26
Not Found: /api/news/
[24/May/2020 16:05:13] "GET /api/news/?page=126 HTTP/1.1" 404 26
Not Found: /api/news/
[24/May/2020 16:05:13] "GET /api/news/?page=127 HTTP/1.1" 404 26
Not Found: /api/news/
Not Found: /api/news/
[24/May/2020 16:05:13] "GET /api/news/?page=125 HTTP/1.1" 404 26
[24/May/2020 16:05:13] "GET /api/news/?page=122 HTTP/1.1" 404 26
Not Found: /api/news/
Not Found: /api/news/
[24/May/2020 16:05:13] "GET /api/news/?page=133 HTTP/1.1" 404 26
Not Found: /api/news/
[24/May/2020 16:05:13] "GET /api/news/?page=120 HTTP/1.1" 404 26
[24/May/2020 16:05:13] "GET /api/news/?page=129 HTTP/1.1" 404 26
Not Found: /api/news/
Not Found: /api/news/
[24/May/2020 16:05:13] "GET /api/news/?page=136 HTTP/1.1" 404 26
[24/May/2020 16:05:13] "GET /api/news/?page=135 HTTP/1.1" 404 26
Not Found: /api/news/
[24/May/2020 16:05:13] "GET /api/news/?page=141 HTTP/1.1" 404 26
Not Found: /api/news/
[24/May/2020 16:05:13] "GET /api/news/?page=134 HTTP/1.1" 404 26
Not Found: /api/news/
[24/May/2020 16:05:13] "GET /api/news/?page=140 HTTP/1.1" 404 26
Not Found: /api/news/
[24/May/2020 16:05:13] "GET /api/news/?page=142 HTTP/1.1" 404 26
Not Found: /api/news/
Not Found: /api/news/
[24/May/2020 16:05:13] "GET /api/news/?page=143 HTTP/1.1" 404 26
Not Found: /api/news/
[24/May/2020 16:05:13] "GET /api/news/?page=138 HTTP/1.1" 404 26
[24/May/2020 16:05:13] "GET /api/news/?page=139 HTTP/1.1" 404 26
Not Found: /api/news/
Not Found: /api/news/
[24/May/2020 16:05:13] "GET /api/news/?page=137 HTTP/1.1" 404 26
[24/May/2020 16:05:13] "GET /api/news/?page=144 HTTP/1.1" 404 26
Not Found: /api/news/
[24/May/2020 16:05:13] "GET /api/news/?page=146 HTTP/1.1" 404 26
Not Found: /api/news/
Not Found: /api/news/
[24/May/2020 16:05:13] "GET /api/news/?page=147 HTTP/1.1" 404 26
Not Found: /api/news/
[24/May/2020 16:05:13] "GET /api/news/?page=145 HTTP/1.1" 404 26
Not Found: /api/news/
[24/May/2020 16:05:13] "GET /api/news/?page=88 HTTP/1.1" 404 26
[24/May/2020 16:05:13] "GET /api/news/?page=149 HTTP/1.1" 404 26
Not Found: /api/news/
[24/May/2020 16:05:13] "GET /api/news/?page=85 HTTP/1.1" 404 26
Not Found: /api/news/
[24/May/2020 16:05:13] "GET /api/news/?page=87 HTTP/1.1" 404 26
Not Found: /api/news/
[24/May/2020 16:05:13] "GET /api/news/?page=148 HTTP/1.1" 404 26
Not Found: /api/news/
Not Found: /api/news/
[24/May/2020 16:05:13] "GET /api/news/?page=97 HTTP/1.1" 404 26
Not Found: /api/news/
[24/May/2020 16:05:13] "GET /api/news/?page=82 HTTP/1.1" 404 26
[24/May/2020 16:05:13] "GET /api/news/?page=150 HTTP/1.1" 404 26
Not Found: /api/news/
[24/May/2020 16:05:13] "GET /api/news/?page=159 HTTP/1.1" 404 26
Not Found: /api/news/
Not Found: /api/news/
[24/May/2020 16:05:13] "GET /api/news/?page=151 HTTP/1.1" 404 26
[24/May/2020 16:05:13] "GET /api/news/?page=160 HTTP/1.1" 404 26
Not Found: /api/news/
[24/May/2020 16:05:13] "GET /api/news/?page=161 HTTP/1.1" 404 26
Not Found: /api/news/
[24/May/2020 16:05:13] "GET /api/news/?page=167 HTTP/1.1" 404 26
Not Found: /api/news/
[24/May/2020 16:05:13] "GET /api/news/?page=166 HTTP/1.1" 404 26
Not Found: /api/news/
Not Found: /api/news/
[24/May/2020 16:05:13] "GET /api/news/?page=169 HTTP/1.1" 404 26
Not Found: /api/news/
[24/May/2020 16:05:13] "GET /api/news/?page=164 HTTP/1.1" 404 26
[24/May/2020 16:05:13] "GET /api/news/?page=163 HTTP/1.1" 404 26
Not Found: /api/news/
Not Found: /api/news/
[24/May/2020 16:05:13] "GET /api/news/?page=170 HTTP/1.1" 404 26
Not Found: /api/news/
[24/May/2020 16:05:13] "GET /api/news/?page=168 HTTP/1.1" 404 26
Not Found: /api/news/
[24/May/2020 16:05:13] "GET /api/news/?page=165 HTTP/1.1" 404 26
Not Found: /api/news/
[24/May/2020 16:05:13] "GET /api/news/?page=171 HTTP/1.1" 404 26
Not Found: /api/news/
[24/May/2020 16:05:13] "GET /api/news/?page=162 HTTP/1.1" 404 26
Not Found: /api/news/
[24/May/2020 16:05:13] "GET /api/news/?page=155 HTTP/1.1" 404 26
Not Found: /api/news/
[24/May/2020 16:05:13] "GET /api/news/?page=153 HTTP/1.1" 404 26
Not Found: /api/news/
[24/May/2020 16:05:13] "GET /api/news/?page=157 HTTP/1.1" 404 26
Not Found: /api/news/
Not Found: /api/news/
[24/May/2020 16:05:13] "GET /api/news/?page=152 HTTP/1.1" 404 26
Not Found: /api/news/
[24/May/2020 16:05:13] "GET /api/news/?page=156 HTTP/1.1" 404 26
[24/May/2020 16:05:13] "GET /api/news/?page=154 HTTP/1.1" 404 26
Not Found: /api/news/
[24/May/2020 16:05:13] "GET /api/news/?page=93 HTTP/1.1" 404 26
[24/May/2020 16:05:13] "GET /api/news/?page=158 HTTP/1.1" 404 26
Not Found: /api/news/
[24/May/2020 16:05:13] "GET /api/news/?page=172 HTTP/1.1" 404 26
Not Found: /api/news/
[24/May/2020 16:05:13] "GET /api/news/?page=180 HTTP/1.1" 404 26
Not Found: /api/news/
Not Found: /api/news/
[24/May/2020 16:05:13] "GET /api/news/?page=175 HTTP/1.1" 404 26
Not Found: /api/news/
Not Found: /api/news/
[24/May/2020 16:05:13] "GET /api/news/?page=179 HTTP/1.1" 404 26
Not Found: /api/news/
[24/May/2020 16:05:13] "GET /api/news/?page=173 HTTP/1.1" 404 26
[24/May/2020 16:05:13] "GET /api/news/?page=176 HTTP/1.1" 404 26
[24/May/2020 16:05:13] "GET /api/news/?page=178 HTTP/1.1" 404 26
Not Found: /api/news/
Not Found: /api/news/
[24/May/2020 16:05:13] "GET /api/news/?page=177 HTTP/1.1" 404 26
Not Found: /api/news/
[24/May/2020 16:05:13] "GET /api/news/?page=174 HTTP/1.1" 404 26
[24/May/2020 16:05:13] "GET /api/news/?page=181 HTTP/1.1" 404 26
Not Found: /api/news/
[24/May/2020 16:05:14] "GET /api/news/?page=187 HTTP/1.1" 404 26
Not Found: /api/news/
[24/May/2020 16:05:14] "GET /api/news/?page=184 HTTP/1.1" 404 26
Not Found: /api/news/
[24/May/2020 16:05:14] "GET /api/news/?page=183 HTTP/1.1" 404 26
Not Found: /api/news/
[24/May/2020 16:05:14] "GET /api/news/?page=182 HTTP/1.1" 404 26
Not Found: /api/news/
Not Found: /api/news/
[24/May/2020 16:05:14] "GET /api/news/?page=185 HTTP/1.1" 404 26
Not Found: /api/news/
[24/May/2020 16:05:14] "GET /api/news/?page=186 HTTP/1.1" 404 26
[24/May/2020 16:05:14] "GET /api/news/?page=188 HTTP/1.1" 404 26
Not Found: /api/news/
[24/May/2020 16:05:14] "GET /api/news/?page=198 HTTP/1.1" 404 26
Not Found: /api/news/
[24/May/2020 16:05:14] "GET /api/news/?page=197 HTTP/1.1" 404 26
Not Found: /api/news/
[24/May/2020 16:05:14] "GET /api/news/?page=189 HTTP/1.1" 404 26
Not Found: /api/news/
[24/May/2020 16:05:14] "GET /api/news/?page=196 HTTP/1.1" 404 26
Not Found: /api/news/
Not Found: /api/news/
[24/May/2020 16:05:14] "GET /api/news/?page=192 HTTP/1.1" 404 26
Not Found: /api/news/
[24/May/2020 16:05:14] "GET /api/news/?page=193 HTTP/1.1" 404 26
Not Found: /api/news/
[24/May/2020 16:05:14] "GET /api/news/?page=190 HTTP/1.1" 404 26
[24/May/2020 16:05:14] "GET /api/news/?page=194 HTTP/1.1" 404 26
Not Found: /api/news/
Not Found: /api/news/
Not Found: /api/news/
[24/May/2020 16:05:14] "GET /api/news/?page=199 HTTP/1.1" 404 26
[24/May/2020 16:05:14] "GET /api/news/?page=191 HTTP/1.1" 404 26
[24/May/2020 16:05:14] "GET /api/news/?page=195 HTTP/1.1" 404 26
Not Found: /api/news/
Not Found: /api/news/
[24/May/2020 16:05:14] "GET /api/news/?page=201 HTTP/1.1" 404 26
Not Found: /api/news/
Not Found: /api/news/
Not Found: /api/news/
[24/May/2020 16:05:14] "GET /api/news/?page=200 HTTP/1.1" 404 26
[24/May/2020 16:05:14] "GET /api/news/?page=207 HTTP/1.1" 404 26
Not Found: /api/news/
Not Found: /api/news/
[24/May/2020 16:05:14] "GET /api/news/?page=202 HTTP/1.1" 404 26
[24/May/2020 16:05:14] "GET /api/news/?page=209 HTTP/1.1" 404 26
[24/May/2020 16:05:14] "GET /api/news/?page=204 HTTP/1.1" 404 26
[24/May/2020 16:05:14] "GET /api/news/?page=206 HTTP/1.1" 404 26
Not Found: /api/news/
[24/May/2020 16:05:14] "GET /api/news/?page=208 HTTP/1.1" 404 26
Not Found: /api/news/
Not Found: /api/news/
[24/May/2020 16:05:14] "GET /api/news/?page=203 HTTP/1.1" 404 26
[24/May/2020 16:05:14] "GET /api/news/?page=205 HTTP/1.1" 404 26
Not Found: /api/news/
[24/May/2020 16:05:14] "GET /api/news/?page=210 HTTP/1.1" 404 26
Not Found: /api/news/
[24/May/2020 16:05:14] "GET /api/news/?page=217 HTTP/1.1" 404 26
Not Found: /api/news/
[24/May/2020 16:05:14] "GET /api/news/?page=213 HTTP/1.1" 404 26
Not Found: /api/news/
Not Found: /api/news/
[24/May/2020 16:05:14] "GET /api/news/?page=214 HTTP/1.1" 404 26
Not Found: /api/news/
[24/May/2020 16:05:14] "GET /api/news/?page=212 HTTP/1.1" 404 26
[24/May/2020 16:05:14] "GET /api/news/?page=215 HTTP/1.1" 404 26
Not Found: /api/news/
[24/May/2020 16:05:14] "GET /api/news/?page=218 HTTP/1.1" 404 26
Not Found: /api/news/
[24/May/2020 16:05:14] "GET /api/news/?page=211 HTTP/1.1" 404 26
Not Found: /api/news/
Not Found: /api/news/
Not Found: /api/news/
[24/May/2020 16:05:14] "GET /api/news/?page=220 HTTP/1.1" 404 26
[24/May/2020 16:05:14] "GET /api/news/?page=219 HTTP/1.1" 404 26
[24/May/2020 16:05:14] "GET /api/news/?page=216 HTTP/1.1" 404 26
Not Found: /api/news/
Not Found: /api/news/
[24/May/2020 16:05:14] "GET /api/news/?page=222 HTTP/1.1" 404 26
[24/May/2020 16:05:14] "GET /api/news/?page=224 HTTP/1.1" 404 26
Not Found: /api/news/
Not Found: /api/news/
[24/May/2020 16:05:14] "GET /api/news/?page=223 HTTP/1.1" 404 26
Not Found: /api/news/
[24/May/2020 16:05:14] "GET /api/news/?page=221 HTTP/1.1" 404 26
[24/May/2020 16:05:14] "GET /api/news/?page=226 HTTP/1.1" 404 26
Not Found: /api/news/
[24/May/2020 16:05:14] "GET /api/news/?page=225 HTTP/1.1" 404 26
Not Found: /api/news/
[24/May/2020 16:05:15] "GET /api/news/?page=227 HTTP/1.1" 404 26
Not Found: /api/news/
[24/May/2020 16:05:15] "GET /api/news/?page=228 HTTP/1.1" 404 26
Not Found: /api/news/
[24/May/2020 16:05:15] "GET /api/news/?page=233 HTTP/1.1" 404 26
Not Found: /api/news/
[24/May/2020 16:05:15] "GET /api/news/?page=231 HTTP/1.1" 404 26
Not Found: /api/news/
[24/May/2020 16:05:15] "GET /api/news/?page=229 HTTP/1.1" 404 26
Not Found: /api/news/
[24/May/2020 16:05:15] "GET /api/news/?page=230 HTTP/1.1" 404 26
Not Found: /api/news/
Not Found: /api/news/
[24/May/2020 16:05:15] "GET /api/news/?page=232 HTTP/1.1" 404 26
[24/May/2020 16:05:15] "GET /api/news/?page=234 HTTP/1.1" 404 26
Not Found: /api/news/
Not Found: /api/news/
[24/May/2020 16:05:15] "GET /api/news/?page=244 HTTP/1.1" 404 26
Not Found: /api/news/
[24/May/2020 16:05:15] "GET /api/news/?page=239 HTTP/1.1" 404 26
[24/May/2020 16:05:15] "GET /api/news/?page=241 HTTP/1.1" 404 26
Not Found: /api/news/
Not Found: /api/news/
[24/May/2020 16:05:15] "GET /api/news/?page=240 HTTP/1.1" 404 26
Not Found: /api/news/
[24/May/2020 16:05:15] "GET /api/news/?page=242 HTTP/1.1" 404 26
Not Found: /api/news/
[24/May/2020 16:05:15] "GET /api/news/?page=235 HTTP/1.1" 404 26
Not Found: /api/news/
[24/May/2020 16:05:15] "GET /api/news/?page=237 HTTP/1.1" 404 26
[24/May/2020 16:05:15] "GET /api/news/?page=243 HTTP/1.1" 404 26
Not Found: /api/news/
[24/May/2020 16:05:15] "GET /api/news/?page=236 HTTP/1.1" 404 26
Not Found: /api/news/
[24/May/2020 16:05:15] "GET /api/news/?page=238 HTTP/1.1" 404 26
Not Found: /api/news/
[24/May/2020 16:05:15] "GET /api/news/?page=245 HTTP/1.1" 404 26
Not Found: /api/news/
Not Found: /api/news/
Not Found: /api/news/
[24/May/2020 16:05:15] "GET /api/news/?page=251 HTTP/1.1" 404 26
[24/May/2020 16:05:15] "GET /api/news/?page=253 HTTP/1.1" 404 26
Not Found: /api/news/
Not Found: /api/news/
[24/May/2020 16:05:15] "GET /api/news/?page=254 HTTP/1.1" 404 26
[24/May/2020 16:05:15] "GET /api/news/?page=246 HTTP/1.1" 404 26
Not Found: /api/news/
[24/May/2020 16:05:15] "GET /api/news/?page=248 HTTP/1.1" 404 26
[24/May/2020 16:05:15] "GET /api/news/?page=250 HTTP/1.1" 404 26
Not Found: /api/news/
Not Found: /api/news/
[24/May/2020 16:05:15] "GET /api/news/?page=247 HTTP/1.1" 404 26
[24/May/2020 16:05:15] "GET /api/news/?page=252 HTTP/1.1" 404 26
Not Found: /api/news/
[24/May/2020 16:05:16] "GET /api/news/?page=256 HTTP/1.1" 404 26
Not Found: /api/news/
Not Found: /api/news/
[24/May/2020 16:05:16] "GET /api/news/?page=261 HTTP/1.1" 404 26
Not Found: /api/news/
[24/May/2020 16:05:16] "GET /api/news/?page=263 HTTP/1.1" 404 26
Not Found: /api/news/
[24/May/2020 16:05:16] "GET /api/news/?page=257 HTTP/1.1" 404 26
Not Found: /api/news/
[24/May/2020 16:05:16] "GET /api/news/?page=260 HTTP/1.1" 404 26
[24/May/2020 16:05:16] "GET /api/news/?page=258 HTTP/1.1" 404 26
Not Found: /api/news/
[24/May/2020 16:05:16] "GET /api/news/?page=259 HTTP/1.1" 404 26
Not Found: /api/news/
Not Found: /api/news/
[24/May/2020 16:05:16] "GET /api/news/?page=264 HTTP/1.1" 404 26
Not Found: /api/news/
[24/May/2020 16:05:16] "GET /api/news/?page=262 HTTP/1.1" 404 26
[24/May/2020 16:05:16] "GET /api/news/?page=266 HTTP/1.1" 404 26
Not Found: /api/news/
[24/May/2020 16:05:16] "GET /api/news/?page=267 HTTP/1.1" 404 26
Not Found: /api/news/
[24/May/2020 16:05:16] "GET /api/news/?page=265 HTTP/1.1" 404 26
Not Found: /api/news/
[24/May/2020 16:05:16] "GET /api/news/?page=268 HTTP/1.1" 404 26
Not Found: /api/news/
[24/May/2020 16:05:16] "GET /api/news/?page=269 HTTP/1.1" 404 26
Not Found: /api/news/
[24/May/2020 16:05:16] "GET /api/news/?page=270 HTTP/1.1" 404 26
Not Found: /api/news/
[24/May/2020 16:05:16] "GET /api/news/?page=271 HTTP/1.1" 404 26
Not Found: /api/news/
[24/May/2020 16:05:16] "GET /api/news/?page=272 HTTP/1.1" 404 26
Not Found: /api/news/
[24/May/2020 16:05:19] "GET /api/news/?page=106 HTTP/1.1" 404 26
Not Found: /api/news/
[24/May/2020 16:05:22] "GET /api/news/?page=249 HTTP/1.1" 404 26
Not Found: /api/news/
[24/May/2020 16:05:22] "GET /api/news/?page=255 HTTP/1.1" 404 26
[24/May/2020 23:59:06] "GET /api/news/?page=1 HTTP/1.1" 200 113739
[24/May/2020 23:59:15] "GET /api/news/?page=1 HTTP/1.1" 200 113739
[25/May/2020 00:01:14] "GET /api/news/?page=5&size=1 HTTP/1.1" 200 19959
[25/May/2020 00:01:15] "GET /static/rest_framework/css/bootstrap.min.css HTTP/1.1" 304 0
[25/May/2020 00:01:15] "GET /static/rest_framework/css/default.css HTTP/1.1" 304 0
[25/May/2020 00:01:15] "GET /static/rest_framework/css/bootstrap-tweaks.css HTTP/1.1" 304 0
[25/May/2020 00:01:15] "GET /static/rest_framework/css/prettify.css HTTP/1.1" 304 0
[25/May/2020 00:01:15] "GET /static/rest_framework/js/jquery-3.4.1.min.js HTTP/1.1" 304 0
[25/May/2020 00:01:15] "GET /static/rest_framework/js/ajax-form.js HTTP/1.1" 304 0
[25/May/2020 00:01:15] "GET /static/rest_framework/js/csrf.js HTTP/1.1" 304 0
[25/May/2020 00:01:15] "GET /static/rest_framework/js/bootstrap.min.js HTTP/1.1" 304 0
[25/May/2020 00:01:15] "GET /static/rest_framework/js/default.js HTTP/1.1" 304 0
[25/May/2020 00:01:15] "GET /static/rest_framework/js/prettify-min.js HTTP/1.1" 304 0
[25/May/2020 00:01:15] "GET /static/rest_framework/img/grid.png HTTP/1.1" 304 0
Not Found: /
[25/May/2020 03:01:49] "GET / HTTP/1.1" 404 2041
Not Found: /favicon.ico
[25/May/2020 03:01:49] "GET /favicon.ico HTTP/1.1" 404 2092
[25/May/2020 03:01:54] "GET /admin HTTP/1.1" 301 0
[25/May/2020 03:01:54] "GET /admin/ HTTP/1.1" 302 0
[25/May/2020 03:01:54] "GET /admin/login/?next=/admin/ HTTP/1.1" 200 1913
[25/May/2020 03:01:55] "GET /static/admin/css/base.css HTTP/1.1" 200 16378
[25/May/2020 03:01:55] "GET /static/admin/css/login.css HTTP/1.1" 200 1233
[25/May/2020 03:01:55] "GET /static/admin/css/responsive.css HTTP/1.1" 200 18052
[25/May/2020 03:01:55] "GET /static/admin/css/fonts.css HTTP/1.1" 200 423
[25/May/2020 03:01:56] "GET /static/admin/fonts/Roboto-Light-webfont.woff HTTP/1.1" 200 85692
[25/May/2020 03:01:56] "GET /static/admin/fonts/Roboto-Regular-webfont.woff HTTP/1.1" 200 85876
[25/May/2020 03:02:06] "POST /admin/login/?next=/admin/ HTTP/1.1" 302 0
[25/May/2020 03:02:07] "GET /admin/ HTTP/1.1" 200 3704
[25/May/2020 03:02:07] "GET /static/admin/css/dashboard.css HTTP/1.1" 200 412
[25/May/2020 03:02:07] "GET /static/admin/img/icon-addlink.svg HTTP/1.1" 200 331
[25/May/2020 03:02:07] "GET /static/admin/img/icon-changelink.svg HTTP/1.1" 200 380
[25/May/2020 03:02:07] "GET /static/admin/fonts/Roboto-Bold-webfont.woff HTTP/1.1" 200 86184
[25/May/2020 03:02:10] "GET /admin/news/news/ HTTP/1.1" 200 165996
[25/May/2020 03:02:10] "GET /static/admin/css/changelists.css HTTP/1.1" 200 6190
[25/May/2020 03:02:10] "GET /admin/jsi18n/ HTTP/1.1" 200 3223
[25/May/2020 03:02:10] "GET /static/admin/js/jquery.init.js HTTP/1.1" 200 363
[25/May/2020 03:02:10] "GET /static/admin/js/core.js HTTP/1.1" 200 5723
[25/May/2020 03:02:11] "GET /static/admin/js/admin/RelatedObjectLookups.js HTTP/1.1" 200 6918
[25/May/2020 03:02:11] "GET /static/admin/js/actions.js HTTP/1.1" 200 6766
[25/May/2020 03:02:11] "GET /static/admin/js/vendor/jquery/jquery.js HTTP/1.1" 200 280364
[25/May/2020 03:02:11] "GET /static/admin/js/urlify.js HTTP/1.1" 200 8941
[25/May/2020 03:02:11] "GET /static/admin/js/prepopulate.js HTTP/1.1" 200 1530
[25/May/2020 03:02:11] "GET /static/admin/js/vendor/xregexp/xregexp.js HTTP/1.1" 200 128820
[25/May/2020 03:02:11] "GET /static/admin/img/tooltag-add.svg HTTP/1.1" 200 331
[25/May/2020 03:02:18] "POST /admin/news/news/ HTTP/1.1" 200 18595
[25/May/2020 03:02:19] "GET /static/admin/js/cancel.js HTTP/1.1" 200 409
[25/May/2020 03:02:26] "POST /admin/news/news/ HTTP/1.1" 302 0
[25/May/2020 03:02:27] "GET /admin/news/news/ HTTP/1.1" 200 227261
[25/May/2020 03:02:27] "GET /admin/jsi18n/ HTTP/1.1" 200 3223
[25/May/2020 03:02:28] "GET /static/admin/img/icon-yes.svg HTTP/1.1" 200 436
[25/May/2020 03:04:26] "GET /admin/news/news/ HTTP/1.1" 200 3200
[25/May/2020 03:04:26] "GET /admin/jsi18n/ HTTP/1.1" 200 3223
[25/May/2020 03:47:31] "GET /api/news/?page=1 HTTP/1.1" 200 2
[25/May/2020 03:47:33] "GET /api/news/?page=1 HTTP/1.1" 200 2
[25/May/2020 04:35:42] "GET /api/news/?page=1 HTTP/1.1" 200 311394
[25/May/2020 07:21:26] "GET /api/news/?page=1 HTTP/1.1" 200 311394
Not Found: /
[25/May/2020 07:22:57] "GET / HTTP/1.1" 404 2050
/root/projects/financial_news/news/views.py changed, reloading.
Performing system checks...

System check identified no issues (0 silenced).
May 24, 2020 - 15:17:31
Django version 3.0.6, using settings 'financial_news.settings'
Starting development server at http://0.0.0.0:8000/
Quit the server with CONTROL-C.
Watching for file changes with StatReloader
/root/projects/financial_news/news/views.py changed, reloading.
Performing system checks...

System check identified no issues (0 silenced).
May 25, 2020 - 07:45:19
Django version 3.0.6, using settings 'financial_news.settings'
Starting development server at http://0.0.0.0:8000/
Quit the server with CONTROL-C.
Watching for file changes with StatReloader
/root/projects/financial_news/news/models.py changed, reloading.
Performing system checks...

System check identified no issues (0 silenced).
May 25, 2020 - 07:45:21
Django version 3.0.6, using settings 'financial_news.settings'
Starting development server at http://0.0.0.0:8000/
Quit the server with CONTROL-C.
Watching for file changes with StatReloader
[25/May/2020 07:46:01] "GET /api/news/?page=1 HTTP/1.1" 200 53947
[25/May/2020 07:55:18] "GET /api/news/?page=1 HTTP/1.1" 200 53947
[25/May/2020 07:57:45] "GET /api/news/?page=1 HTTP/1.1" 200 53947
/root/projects/financial_news/news/models.py changed, reloading.
Performing system checks...

System check identified no issues (0 silenced).
May 25, 2020 - 07:45:55
Django version 3.0.6, using settings 'financial_news.settings'
Starting development server at http://0.0.0.0:8000/
Quit the server with CONTROL-C.
Watching for file changes with StatReloader
[25/May/2020 08:28:53] "GET /api/news/?page=1 HTTP/1.1" 200 53947
[25/May/2020 12:19:50] "GET /api/news/?page=1 HTTP/1.1" 200 53947
[25/May/2020 12:36:21] "GET /api/news/?page=1 HTTP/1.1" 200 53947
[25/May/2020 12:39:42] "GET /api/news/?page=1 HTTP/1.1" 200 53947
[25/May/2020 12:41:15] "GET /api/news/?page=1 HTTP/1.1" 200 53947
[25/May/2020 12:41:20] "GET /api/news/?page=1 HTTP/1.1" 200 53947
[25/May/2020 12:41:24] "GET /api/news/?page=1 HTTP/1.1" 200 53947
[25/May/2020 12:50:08] "GET /api/news/?page=1 HTTP/1.1" 200 53947
[25/May/2020 12:50:44] "GET /static/rest_framework/img/grid.png HTTP/1.1" 304 0
[25/May/2020 13:26:47] "GET /api/news/?page=1 HTTP/1.1" 200 33859
[25/May/2020 13:26:50] "GET /api/news/?page=1 HTTP/1.1" 200 33859
[25/May/2020 13:26:52] "GET /api/news/?page=1 HTTP/1.1" 200 33859
[25/May/2020 13:27:04] "GET /api/news/?page=1 HTTP/1.1" 200 33859
[25/May/2020 13:28:43] "GET /api/news/?page=1 HTTP/1.1" 200 33859
[25/May/2020 13:49:08] "GET /api/news/?page=1 HTTP/1.1" 200 33859
[25/May/2020 13:49:14] "GET /api/news/?page=1 HTTP/1.1" 200 33859
[25/May/2020 13:49:17] "GET /api/news/?page=1 HTTP/1.1" 200 33859
[25/May/2020 14:00:25] "GET /api/news/?page=1 HTTP/1.1" 200 67881
[25/May/2020 14:02:48] "GET /api/news/?page=1 HTTP/1.1" 200 67881
[25/May/2020 14:07:40] "GET /api/news/?page=1 HTTP/1.1" 200 67881
[25/May/2020 14:19:29] "GET /api/news/?page=1 HTTP/1.1" 200 67881
[25/May/2020 14:20:11] "GET /api/news/?page=1 HTTP/1.1" 200 67881
[25/May/2020 14:29:43] "GET /api/news/?page=1 HTTP/1.1" 200 67881
[25/May/2020 14:29:45] "GET /api/news/?page=1 HTTP/1.1" 200 67881
[25/May/2020 14:37:48] "GET /api/news/?page=1 HTTP/1.1" 200 67881
[25/May/2020 14:48:45] "GET /api/news/?page=1 HTTP/1.1" 200 67881
[25/May/2020 14:55:21] "GET /api/news/?page=1 HTTP/1.1" 200 67881
[25/May/2020 15:01:42] "GET /api/news/?page=1 HTTP/1.1" 200 49745
[25/May/2020 15:01:48] "GET /api/news/?page=1 HTTP/1.1" 200 49745
[25/May/2020 15:02:32] "GET /api/news/?page=1 HTTP/1.1" 200 49745
[25/May/2020 15:04:07] "GET /api/news/?page=1 HTTP/1.1" 200 49745
[25/May/2020 15:14:43] "GET /api/news/?page=1 HTTP/1.1" 200 49745
[25/May/2020 15:14:46] "GET /api/news/?page=1 HTTP/1.1" 200 49745
Not Found: /
[25/May/2020 15:16:34] "GET / HTTP/1.1" 404 2041
[25/May/2020 15:18:54] "GET /api/news/?page=1 HTTP/1.1" 200 49745
[25/May/2020 15:29:31] "GET /api/news/?page=1 HTTP/1.1" 200 49745
[25/May/2020 15:30:39] "GET /api/news/?page=1 HTTP/1.1" 200 49745
[25/May/2020 15:32:52] "GET /api/news/?page=1 HTTP/1.1" 200 49745
[25/May/2020 15:47:49] "GET /api/news/?page=1 HTTP/1.1" 200 49745
[25/May/2020 15:49:35] "GET /api/news/?page=1 HTTP/1.1" 200 49745
[25/May/2020 15:49:36] "GET /api/news/?page=1 HTTP/1.1" 200 49745
[25/May/2020 15:49:36] "GET /api/news/?page=1 HTTP/1.1" 200 49745
[25/May/2020 15:52:10] "GET /api/news/?page=1 HTTP/1.1" 200 49745
[25/May/2020 16:17:23] "GET /api/news/?page=20 HTTP/1.1" 200 35298
[25/May/2020 16:17:23] "GET /api/news/?page=21 HTTP/1.1" 200 33204
[25/May/2020 16:17:23] "GET /api/news/?page=16 HTTP/1.1" 200 46484
[25/May/2020 16:17:23] "GET /api/news/?page=3 HTTP/1.1" 200 30448
[25/May/2020 16:17:23] "GET /api/news/?page=14 HTTP/1.1" 200 37288
[25/May/2020 16:17:23] "GET /api/news/?page=28 HTTP/1.1" 200 42364
[25/May/2020 16:17:24] "GET /api/news/?page=13 HTTP/1.1" 200 39932
[25/May/2020 16:17:24] "GET /api/news/?page=8 HTTP/1.1" 200 37548
[25/May/2020 16:17:24] "GET /api/news/?page=2 HTTP/1.1" 200 72599
[25/May/2020 16:17:24] "GET /api/news/?page=18 HTTP/1.1" 200 73392
[25/May/2020 16:17:24] "GET /api/news/?page=11 HTTP/1.1" 200 43745
[25/May/2020 16:17:24] "GET /api/news/?page=6 HTTP/1.1" 200 53959
[25/May/2020 16:17:24] "GET /api/news/?page=10 HTTP/1.1" 200 22617
[25/May/2020 16:17:24] "GET /api/news/?page=19 HTTP/1.1" 200 78628
[25/May/2020 16:17:24] "GET /api/news/?page=26 HTTP/1.1" 200 43430
[25/May/2020 16:17:24] "GET /api/news/?page=24 HTTP/1.1" 200 39990
[25/May/2020 16:17:24] "GET /api/news/?page=12 HTTP/1.1" 200 35417
[25/May/2020 16:17:24] "GET /api/news/?page=22 HTTP/1.1" 200 38790
[25/May/2020 16:17:24] "GET /api/news/?page=9 HTTP/1.1" 200 30178
[25/May/2020 16:17:24] "GET /api/news/?page=23 HTTP/1.1" 200 60181
[25/May/2020 16:17:24] "GET /api/news/?page=30 HTTP/1.1" 200 46218
[25/May/2020 16:17:24] "GET /api/news/?page=33 HTTP/1.1" 200 57629
[25/May/2020 16:17:24] "GET /api/news/?page=7 HTTP/1.1" 200 44180
[25/May/2020 16:17:24] "GET /api/news/?page=5 HTTP/1.1" 200 37366
[25/May/2020 16:17:24] "GET /api/news/?page=4 HTTP/1.1" 200 30807
[25/May/2020 16:17:24] "GET /api/news/?page=17 HTTP/1.1" 200 43336
[25/May/2020 16:17:24] "GET /api/news/?page=31 HTTP/1.1" 200 44186
[25/May/2020 16:17:24] "GET /api/news/?page=27 HTTP/1.1" 200 48401
[25/May/2020 16:17:24] "GET /api/news/?page=25 HTTP/1.1" 200 48628
[25/May/2020 16:17:24] "GET /api/news/?page=29 HTTP/1.1" 200 27789
[25/May/2020 16:17:25] "GET /api/news/?page=15 HTTP/1.1" 200 57645
[25/May/2020 16:17:25] "GET /api/news/?page=32 HTTP/1.1" 200 62087
[25/May/2020 23:48:34] "GET /api/news/?page=1 HTTP/1.1" 200 80424
[25/May/2020 23:48:51] "GET /api/news/?page=1 HTTP/1.1" 200 80424
[26/May/2020 00:03:26] "GET /api/news/?page=1 HTTP/1.1" 200 64630
[26/May/2020 00:25:44] "GET /api/news/?page=1 HTTP/1.1" 200 64630
[26/May/2020 00:27:01] "GET /api/news/?page=1 HTTP/1.1" 200 64630
[26/May/2020 00:55:33] "GET /static/rest_framework/js/bootstrap.min.js HTTP/1.1" 200 39680
Not Found: /api.news
[26/May/2020 00:55:49] "GET /api.news HTTP/1.1" 404 2083
Not Found: /favicon.ico
[26/May/2020 00:55:50] "GET /favicon.ico HTTP/1.1" 404 2092
[26/May/2020 00:55:53] "GET /api/news HTTP/1.1" 301 0
[26/May/2020 00:55:54] "GET /api/news/ HTTP/1.1" 200 80384
[26/May/2020 00:55:54] "GET /static/rest_framework/css/bootstrap.min.css HTTP/1.1" 200 121457
[26/May/2020 00:55:54] "GET /static/rest_framework/css/bootstrap-tweaks.css HTTP/1.1" 200 3385
[26/May/2020 00:55:54] "GET /static/rest_framework/css/default.css HTTP/1.1" 200 1131
[26/May/2020 00:55:54] "GET /static/rest_framework/css/prettify.css HTTP/1.1" 200 817
[26/May/2020 00:55:55] "GET /static/rest_framework/js/jquery-3.4.1.min.js HTTP/1.1" 200 88145
[26/May/2020 00:55:55] "GET /static/rest_framework/js/ajax-form.js HTTP/1.1" 200 3597
[26/May/2020 00:55:55] "GET /static/rest_framework/js/csrf.js HTTP/1.1" 200 1719
[26/May/2020 00:55:55] "GET /static/rest_framework/js/bootstrap.min.js HTTP/1.1" 200 39680
[26/May/2020 00:55:55] "GET /static/rest_framework/js/prettify-min.js HTTP/1.1" 200 13632
[26/May/2020 00:55:55] "GET /static/rest_framework/js/default.js HTTP/1.1" 200 1268
[26/May/2020 00:55:55] "GET /static/rest_framework/img/grid.png HTTP/1.1" 200 1458
Not Found: /
[26/May/2020 01:01:30] "GET / HTTP/1.1" 404 2050
----------------------------------------
Exception happened during processing of request from ('185.110.20.116', 33514)
Traceback (most recent call last):
  File "/usr/local/python3/lib/python3.8/socketserver.py", line 650, in process_request_thread
    self.finish_request(request, client_address)
  File "/usr/local/python3/lib/python3.8/socketserver.py", line 360, in finish_request
    self.RequestHandlerClass(request, client_address, self)
  File "/usr/local/python3/lib/python3.8/socketserver.py", line 720, in __init__
    self.handle()
  File "/usr/local/python3/lib/python3.8/site-packages/django/core/servers/basehttp.py", line 174, in handle
    self.handle_one_request()
  File "/usr/local/python3/lib/python3.8/site-packages/django/core/servers/basehttp.py", line 182, in handle_one_request
    self.raw_requestline = self.rfile.readline(65537)
  File "/usr/local/python3/lib/python3.8/socket.py", line 669, in readinto
    return self._sock.recv_into(b)
ConnectionResetError: [Errno 104] Connection reset by peer
----------------------------------------
[26/May/2020 02:30:33] code 400, message Bad HTTP/0.9 request type ('\x00\x00\x00')
[26/May/2020 02:30:33] "    c                           " 400 -
Not Found: /api/news/page=2
[26/May/2020 02:53:18] "GET /api/news/%EF%BC%9Fpage=2 HTTP/1.1" 404 2121
[26/May/2020 02:53:24] "GET /api/news/?page=2 HTTP/1.1" 200 98058
